The system is: Linux - 3.10.0-1127.13.1.el7.x86_64 - x86_64
Compiling the C compiler identification source file "CMakeCCompilerId.c" succeeded.
Compiler: /usr/bin/cc 
Build flags: 
Id flags:  

The output was:
0


Compilation of the C compiler identification source "CMakeCCompilerId.c" produced "a.out"

The C compiler identification is GNU, found in "/home/jmena/445s22/DualSPHysics_v5.0.4/DualSPHysics_v5.0/src/source/build/CMakeFiles/3.17.0/CompilerIdC/a.out"

Compiling the CXX compiler identification source file "CMakeCXXCompilerId.cpp" succeeded.
Compiler: /usr/bin/c++ 
Build flags: 
Id flags:  

The output was:
0


Compilation of the CXX compiler identification source "CMakeCXXCompilerId.cpp" produced "a.out"

The CXX compiler identification is GNU, found in "/home/jmena/445s22/DualSPHysics_v5.0.4/DualSPHysics_v5.0/src/source/build/CMakeFiles/3.17.0/CompilerIdCXX/a.out"

Determining if the C compiler works passed with the following output:
Change Dir: /home/jmena/445s22/DualSPHysics_v5.0.4/DualSPHysics_v5.0/src/source/build/CMakeFiles/CMakeTmp

Run Build Command(s):/usr/bin/gmake cmTC_63192/fast && /usr/bin/gmake -f CMakeFiles/cmTC_63192.dir/build.make CMakeFiles/cmTC_63192.dir/build
gmake[1]: Entering directory `/home/jmena/445s22/DualSPHysics_v5.0.4/DualSPHysics_v5.0/src/source/build/CMakeFiles/CMakeTmp'
Building C object CMakeFiles/cmTC_63192.dir/testCCompiler.c.o
/usr/bin/cc    -o CMakeFiles/cmTC_63192.dir/testCCompiler.c.o   -c /home/jmena/445s22/DualSPHysics_v5.0.4/DualSPHysics_v5.0/src/source/build/CMakeFiles/CMakeTmp/testCCompiler.c
Linking C executable cmTC_63192
/usr/local/bin/cmake -E cmake_link_script CMakeFiles/cmTC_63192.dir/link.txt --verbose=1
/usr/bin/cc      -rdynamic CMakeFiles/cmTC_63192.dir/testCCompiler.c.o  -o cmTC_63192 
gmake[1]: Leaving directory `/home/jmena/445s22/DualSPHysics_v5.0.4/DualSPHysics_v5.0/src/source/build/CMakeFiles/CMakeTmp'



Detecting C compiler ABI info compiled with the following output:
Change Dir: /home/jmena/445s22/DualSPHysics_v5.0.4/DualSPHysics_v5.0/src/source/build/CMakeFiles/CMakeTmp

Run Build Command(s):/usr/bin/gmake cmTC_f1962/fast && /usr/bin/gmake -f CMakeFiles/cmTC_f1962.dir/build.make CMakeFiles/cmTC_f1962.dir/build
gmake[1]: Entering directory `/home/jmena/445s22/DualSPHysics_v5.0.4/DualSPHysics_v5.0/src/source/build/CMakeFiles/CMakeTmp'
Building C object CMakeFiles/cmTC_f1962.dir/CMakeCCompilerABI.c.o
/usr/bin/cc   -v -o CMakeFiles/cmTC_f1962.dir/CMakeCCompilerABI.c.o   -c /usr/local/share/cmake-3.17/Modules/CMakeCCompilerABI.c
Using built-in specs.
COLLECT_GCC=/usr/bin/cc
Target: x86_64-redhat-linux
Configured with: ../configure --enable-bootstrap --enable-languages=c,c++,fortran,lto --prefix=/opt/rh/devtoolset-8/root/usr --mandir=/opt/rh/devtoolset-8/root/usr/share/man --infodir=/opt/rh/devtoolset-8/root/usr/share/info --with-bugurl=http://bugzilla.redhat.com/bugzilla --enable-shared --enable-threads=posix --enable-checking=release --enable-multilib --with-system-zlib --enable-__cxa_atexit --disable-libunwind-exceptions --enable-gnu-unique-object --enable-linker-build-id --with-gcc-major-version-only --with-linker-hash-style=gnu --with-default-libstdcxx-abi=gcc4-compatible --enable-plugin --enable-initfini-array --with-isl=/builddir/build/BUILD/gcc-8.3.1-20190311/obj-x86_64-redhat-linux/isl-install --disable-libmpx --enable-gnu-indirect-function --with-tune=generic --with-arch_32=x86-64 --build=x86_64-redhat-linux
Thread model: posix
gcc version 8.3.1 20190311 (Red Hat 8.3.1-3) (GCC) 
COLLECT_GCC_OPTIONS='-v' '-o' 'CMakeFiles/cmTC_f1962.dir/CMakeCCompilerABI.c.o' '-c' '-mtune=generic' '-march=x86-64'
 /opt/rh/devtoolset-8/root/usr/libexec/gcc/x86_64-redhat-linux/8/cc1 -quiet -v /usr/local/share/cmake-3.17/Modules/CMakeCCompilerABI.c -quiet -dumpbase CMakeCCompilerABI.c -mtune=generic -march=x86-64 -auxbase-strip CMakeFiles/cmTC_f1962.dir/CMakeCCompilerABI.c.o -version -o /tmp/cc5uq2wS.s
GNU C17 (GCC) version 8.3.1 20190311 (Red Hat 8.3.1-3) (x86_64-redhat-linux)
	compiled by GNU C version 8.3.1 20190311 (Red Hat 8.3.1-3), GMP version 6.0.0, MPFR version 3.1.1, MPC version 1.0.1, isl version isl-0.16.1-GMP

GGC heuristics: --param ggc-min-expand=100 --param ggc-min-heapsize=131072
ignoring nonexistent directory "/opt/rh/devtoolset-8/root/usr/lib/gcc/x86_64-redhat-linux/8/include-fixed"
ignoring nonexistent directory "/opt/rh/devtoolset-8/root/usr/lib/gcc/x86_64-redhat-linux/8/../../../../x86_64-redhat-linux/include"
#include "..." search starts here:
#include <...> search starts here:
 /opt/rh/devtoolset-8/root/usr/lib/gcc/x86_64-redhat-linux/8/include
 /usr/local/include
 /opt/rh/devtoolset-8/root/usr/include
 /usr/include
End of search list.
GNU C17 (GCC) version 8.3.1 20190311 (Red Hat 8.3.1-3) (x86_64-redhat-linux)
	compiled by GNU C version 8.3.1 20190311 (Red Hat 8.3.1-3), GMP version 6.0.0, MPFR version 3.1.1, MPC version 1.0.1, isl version isl-0.16.1-GMP

GGC heuristics: --param ggc-min-expand=100 --param ggc-min-heapsize=131072
Compiler executable checksum: 44fd30fd0fdcf2e8887a67e69c89caa4
COLLECT_GCC_OPTIONS='-v' '-o' 'CMakeFiles/cmTC_f1962.dir/CMakeCCompilerABI.c.o' '-c' '-mtune=generic' '-march=x86-64'
 /opt/rh/devtoolset-8/root/usr/libexec/gcc/x86_64-redhat-linux/8/as -v --64 -o CMakeFiles/cmTC_f1962.dir/CMakeCCompilerABI.c.o /tmp/cc5uq2wS.s
GNU assembler version 2.30 (x86_64-redhat-linux) using BFD version version 2.30-55.el7.2
COMPILER_PATH=/opt/rh/devtoolset-8/root/usr/libexec/gcc/x86_64-redhat-linux/8/:/opt/rh/devtoolset-8/root/usr/libexec/gcc/x86_64-redhat-linux/8/:/opt/rh/devtoolset-8/root/usr/libexec/gcc/x86_64-redhat-linux/:/opt/rh/devtoolset-8/root/usr/lib/gcc/x86_64-redhat-linux/8/:/opt/rh/devtoolset-8/root/usr/lib/gcc/x86_64-redhat-linux/
LIBRARY_PATH=/opt/rh/devtoolset-8/root/usr/lib/gcc/x86_64-redhat-linux/8/:/opt/rh/devtoolset-8/root/usr/lib/gcc/x86_64-redhat-linux/8/../../../../lib64/:/lib/../lib64/:/usr/lib/../lib64/:/opt/rh/devtoolset-8/root/usr/lib/gcc/x86_64-redhat-linux/8/../../../:/lib/:/usr/lib/
COLLECT_GCC_OPTIONS='-v' '-o' 'CMakeFiles/cmTC_f1962.dir/CMakeCCompilerABI.c.o' '-c' '-mtune=generic' '-march=x86-64'
Linking C executable cmTC_f1962
/usr/local/bin/cmake -E cmake_link_script CMakeFiles/cmTC_f1962.dir/link.txt --verbose=1
/usr/bin/cc     -v -rdynamic CMakeFiles/cmTC_f1962.dir/CMakeCCompilerABI.c.o  -o cmTC_f1962 
Using built-in specs.
COLLECT_GCC=/usr/bin/cc
COLLECT_LTO_WRAPPER=/opt/rh/devtoolset-8/root/usr/libexec/gcc/x86_64-redhat-linux/8/lto-wrapper
Target: x86_64-redhat-linux
Configured with: ../configure --enable-bootstrap --enable-languages=c,c++,fortran,lto --prefix=/opt/rh/devtoolset-8/root/usr --mandir=/opt/rh/devtoolset-8/root/usr/share/man --infodir=/opt/rh/devtoolset-8/root/usr/share/info --with-bugurl=http://bugzilla.redhat.com/bugzilla --enable-shared --enable-threads=posix --enable-checking=release --enable-multilib --with-system-zlib --enable-__cxa_atexit --disable-libunwind-exceptions --enable-gnu-unique-object --enable-linker-build-id --with-gcc-major-version-only --with-linker-hash-style=gnu --with-default-libstdcxx-abi=gcc4-compatible --enable-plugin --enable-initfini-array --with-isl=/builddir/build/BUILD/gcc-8.3.1-20190311/obj-x86_64-redhat-linux/isl-install --disable-libmpx --enable-gnu-indirect-function --with-tune=generic --with-arch_32=x86-64 --build=x86_64-redhat-linux
Thread model: posix
gcc version 8.3.1 20190311 (Red Hat 8.3.1-3) (GCC) 
COMPILER_PATH=/opt/rh/devtoolset-8/root/usr/libexec/gcc/x86_64-redhat-linux/8/:/opt/rh/devtoolset-8/root/usr/libexec/gcc/x86_64-redhat-linux/8/:/opt/rh/devtoolset-8/root/usr/libexec/gcc/x86_64-redhat-linux/:/opt/rh/devtoolset-8/root/usr/lib/gcc/x86_64-redhat-linux/8/:/opt/rh/devtoolset-8/root/usr/lib/gcc/x86_64-redhat-linux/
LIBRARY_PATH=/opt/rh/devtoolset-8/root/usr/lib/gcc/x86_64-redhat-linux/8/:/opt/rh/devtoolset-8/root/usr/lib/gcc/x86_64-redhat-linux/8/../../../../lib64/:/lib/../lib64/:/usr/lib/../lib64/:/opt/rh/devtoolset-8/root/usr/lib/gcc/x86_64-redhat-linux/8/../../../:/lib/:/usr/lib/
COLLECT_GCC_OPTIONS='-v' '-rdynamic' '-o' 'cmTC_f1962' '-mtune=generic' '-march=x86-64'
 /opt/rh/devtoolset-8/root/usr/libexec/gcc/x86_64-redhat-linux/8/collect2 -plugin /opt/rh/devtoolset-8/root/usr/libexec/gcc/x86_64-redhat-linux/8/liblto_plugin.so -plugin-opt=/opt/rh/devtoolset-8/root/usr/libexec/gcc/x86_64-redhat-linux/8/lto-wrapper -plugin-opt=-fresolution=/tmp/cceJxj5W.res -plugin-opt=-pass-through=-lgcc -plugin-opt=-pass-through=-lgcc_s -plugin-opt=-pass-through=-lc -plugin-opt=-pass-through=-lgcc -plugin-opt=-pass-through=-lgcc_s --build-id --no-add-needed --eh-frame-hdr --hash-style=gnu -m elf_x86_64 -export-dynamic -dynamic-linker /lib64/ld-linux-x86-64.so.2 -o cmTC_f1962 /lib/../lib64/crt1.o /lib/../lib64/crti.o /opt/rh/devtoolset-8/root/usr/lib/gcc/x86_64-redhat-linux/8/crtbegin.o -L/opt/rh/devtoolset-8/root/usr/lib/gcc/x86_64-redhat-linux/8 -L/opt/rh/devtoolset-8/root/usr/lib/gcc/x86_64-redhat-linux/8/../../../../lib64 -L/lib/../lib64 -L/usr/lib/../lib64 -L/opt/rh/devtoolset-8/root/usr/lib/gcc/x86_64-redhat-linux/8/../../.. CMakeFiles/cmTC_f1962.dir/CMakeCCompilerABI.c.o -lgcc --as-needed -lgcc_s --no-as-needed -lc -lgcc --as-needed -lgcc_s --no-as-needed /opt/rh/devtoolset-8/root/usr/lib/gcc/x86_64-redhat-linux/8/crtend.o /lib/../lib64/crtn.o
COLLECT_GCC_OPTIONS='-v' '-rdynamic' '-o' 'cmTC_f1962' '-mtune=generic' '-march=x86-64'
gmake[1]: Leaving directory `/home/jmena/445s22/DualSPHysics_v5.0.4/DualSPHysics_v5.0/src/source/build/CMakeFiles/CMakeTmp'



Parsed C implicit include dir info from above output: rv=done
  found start of include info
  found start of implicit include info
    add: [/opt/rh/devtoolset-8/root/usr/lib/gcc/x86_64-redhat-linux/8/include]
    add: [/usr/local/include]
    add: [/opt/rh/devtoolset-8/root/usr/include]
    add: [/usr/include]
  end of search list found
  collapse include dir [/opt/rh/devtoolset-8/root/usr/lib/gcc/x86_64-redhat-linux/8/include] ==> [/opt/rh/devtoolset-8/root/usr/lib/gcc/x86_64-redhat-linux/8/include]
  collapse include dir [/usr/local/include] ==> [/usr/local/include]
  collapse include dir [/opt/rh/devtoolset-8/root/usr/include] ==> [/opt/rh/devtoolset-8/root/usr/include]
  collapse include dir [/usr/include] ==> [/usr/include]
  implicit include dirs: [/opt/rh/devtoolset-8/root/usr/lib/gcc/x86_64-redhat-linux/8/include;/usr/local/include;/opt/rh/devtoolset-8/root/usr/include;/usr/include]


Parsed C implicit link information from above output:
  link line regex: [^( *|.*[/\])(ld|CMAKE_LINK_STARTFILE-NOTFOUND|([^/\]+-)?ld|collect2)[^/\]*( |$)]
  ignore line: [Change Dir: /home/jmena/445s22/DualSPHysics_v5.0.4/DualSPHysics_v5.0/src/source/build/CMakeFiles/CMakeTmp]
  ignore line: []
  ignore line: [Run Build Command(s):/usr/bin/gmake cmTC_f1962/fast && /usr/bin/gmake -f CMakeFiles/cmTC_f1962.dir/build.make CMakeFiles/cmTC_f1962.dir/build]
  ignore line: [gmake[1]: Entering directory `/home/jmena/445s22/DualSPHysics_v5.0.4/DualSPHysics_v5.0/src/source/build/CMakeFiles/CMakeTmp']
  ignore line: [Building C object CMakeFiles/cmTC_f1962.dir/CMakeCCompilerABI.c.o]
  ignore line: [/usr/bin/cc   -v -o CMakeFiles/cmTC_f1962.dir/CMakeCCompilerABI.c.o   -c /usr/local/share/cmake-3.17/Modules/CMakeCCompilerABI.c]
  ignore line: [Using built-in specs.]
  ignore line: [COLLECT_GCC=/usr/bin/cc]
  ignore line: [Target: x86_64-redhat-linux]
  ignore line: [Configured with: ../configure --enable-bootstrap --enable-languages=c c++ fortran lto --prefix=/opt/rh/devtoolset-8/root/usr --mandir=/opt/rh/devtoolset-8/root/usr/share/man --infodir=/opt/rh/devtoolset-8/root/usr/share/info --with-bugurl=http://bugzilla.redhat.com/bugzilla --enable-shared --enable-threads=posix --enable-checking=release --enable-multilib --with-system-zlib --enable-__cxa_atexit --disable-libunwind-exceptions --enable-gnu-unique-object --enable-linker-build-id --with-gcc-major-version-only --with-linker-hash-style=gnu --with-default-libstdcxx-abi=gcc4-compatible --enable-plugin --enable-initfini-array --with-isl=/builddir/build/BUILD/gcc-8.3.1-20190311/obj-x86_64-redhat-linux/isl-install --disable-libmpx --enable-gnu-indirect-function --with-tune=generic --with-arch_32=x86-64 --build=x86_64-redhat-linux]
  ignore line: [Thread model: posix]
  ignore line: [gcc version 8.3.1 20190311 (Red Hat 8.3.1-3) (GCC) ]
  ignore line: [COLLECT_GCC_OPTIONS='-v' '-o' 'CMakeFiles/cmTC_f1962.dir/CMakeCCompilerABI.c.o' '-c' '-mtune=generic' '-march=x86-64']
  ignore line: [ /opt/rh/devtoolset-8/root/usr/libexec/gcc/x86_64-redhat-linux/8/cc1 -quiet -v /usr/local/share/cmake-3.17/Modules/CMakeCCompilerABI.c -quiet -dumpbase CMakeCCompilerABI.c -mtune=generic -march=x86-64 -auxbase-strip CMakeFiles/cmTC_f1962.dir/CMakeCCompilerABI.c.o -version -o /tmp/cc5uq2wS.s]
  ignore line: [GNU C17 (GCC) version 8.3.1 20190311 (Red Hat 8.3.1-3) (x86_64-redhat-linux)]
  ignore line: [	compiled by GNU C version 8.3.1 20190311 (Red Hat 8.3.1-3)  GMP version 6.0.0  MPFR version 3.1.1  MPC version 1.0.1  isl version isl-0.16.1-GMP]
  ignore line: []
  ignore line: [GGC heuristics: --param ggc-min-expand=100 --param ggc-min-heapsize=131072]
  ignore line: [ignoring nonexistent directory "/opt/rh/devtoolset-8/root/usr/lib/gcc/x86_64-redhat-linux/8/include-fixed"]
  ignore line: [ignoring nonexistent directory "/opt/rh/devtoolset-8/root/usr/lib/gcc/x86_64-redhat-linux/8/../../../../x86_64-redhat-linux/include"]
  ignore line: [#include "..." search starts here:]
  ignore line: [#include <...> search starts here:]
  ignore line: [ /opt/rh/devtoolset-8/root/usr/lib/gcc/x86_64-redhat-linux/8/include]
  ignore line: [ /usr/local/include]
  ignore line: [ /opt/rh/devtoolset-8/root/usr/include]
  ignore line: [ /usr/include]
  ignore line: [End of search list.]
  ignore line: [GNU C17 (GCC) version 8.3.1 20190311 (Red Hat 8.3.1-3) (x86_64-redhat-linux)]
  ignore line: [	compiled by GNU C version 8.3.1 20190311 (Red Hat 8.3.1-3)  GMP version 6.0.0  MPFR version 3.1.1  MPC version 1.0.1  isl version isl-0.16.1-GMP]
  ignore line: []
  ignore line: [GGC heuristics: --param ggc-min-expand=100 --param ggc-min-heapsize=131072]
  ignore line: [Compiler executable checksum: 44fd30fd0fdcf2e8887a67e69c89caa4]
  ignore line: [COLLECT_GCC_OPTIONS='-v' '-o' 'CMakeFiles/cmTC_f1962.dir/CMakeCCompilerABI.c.o' '-c' '-mtune=generic' '-march=x86-64']
  ignore line: [ /opt/rh/devtoolset-8/root/usr/libexec/gcc/x86_64-redhat-linux/8/as -v --64 -o CMakeFiles/cmTC_f1962.dir/CMakeCCompilerABI.c.o /tmp/cc5uq2wS.s]
  ignore line: [GNU assembler version 2.30 (x86_64-redhat-linux) using BFD version version 2.30-55.el7.2]
  ignore line: [COMPILER_PATH=/opt/rh/devtoolset-8/root/usr/libexec/gcc/x86_64-redhat-linux/8/:/opt/rh/devtoolset-8/root/usr/libexec/gcc/x86_64-redhat-linux/8/:/opt/rh/devtoolset-8/root/usr/libexec/gcc/x86_64-redhat-linux/:/opt/rh/devtoolset-8/root/usr/lib/gcc/x86_64-redhat-linux/8/:/opt/rh/devtoolset-8/root/usr/lib/gcc/x86_64-redhat-linux/]
  ignore line: [LIBRARY_PATH=/opt/rh/devtoolset-8/root/usr/lib/gcc/x86_64-redhat-linux/8/:/opt/rh/devtoolset-8/root/usr/lib/gcc/x86_64-redhat-linux/8/../../../../lib64/:/lib/../lib64/:/usr/lib/../lib64/:/opt/rh/devtoolset-8/root/usr/lib/gcc/x86_64-redhat-linux/8/../../../:/lib/:/usr/lib/]
  ignore line: [COLLECT_GCC_OPTIONS='-v' '-o' 'CMakeFiles/cmTC_f1962.dir/CMakeCCompilerABI.c.o' '-c' '-mtune=generic' '-march=x86-64']
  ignore line: [Linking C executable cmTC_f1962]
  ignore line: [/usr/local/bin/cmake -E cmake_link_script CMakeFiles/cmTC_f1962.dir/link.txt --verbose=1]
  ignore line: [/usr/bin/cc     -v -rdynamic CMakeFiles/cmTC_f1962.dir/CMakeCCompilerABI.c.o  -o cmTC_f1962 ]
  ignore line: [Using built-in specs.]
  ignore line: [COLLECT_GCC=/usr/bin/cc]
  ignore line: [COLLECT_LTO_WRAPPER=/opt/rh/devtoolset-8/root/usr/libexec/gcc/x86_64-redhat-linux/8/lto-wrapper]
  ignore line: [Target: x86_64-redhat-linux]
  ignore line: [Configured with: ../configure --enable-bootstrap --enable-languages=c c++ fortran lto --prefix=/opt/rh/devtoolset-8/root/usr --mandir=/opt/rh/devtoolset-8/root/usr/share/man --infodir=/opt/rh/devtoolset-8/root/usr/share/info --with-bugurl=http://bugzilla.redhat.com/bugzilla --enable-shared --enable-threads=posix --enable-checking=release --enable-multilib --with-system-zlib --enable-__cxa_atexit --disable-libunwind-exceptions --enable-gnu-unique-object --enable-linker-build-id --with-gcc-major-version-only --with-linker-hash-style=gnu --with-default-libstdcxx-abi=gcc4-compatible --enable-plugin --enable-initfini-array --with-isl=/builddir/build/BUILD/gcc-8.3.1-20190311/obj-x86_64-redhat-linux/isl-install --disable-libmpx --enable-gnu-indirect-function --with-tune=generic --with-arch_32=x86-64 --build=x86_64-redhat-linux]
  ignore line: [Thread model: posix]
  ignore line: [gcc version 8.3.1 20190311 (Red Hat 8.3.1-3) (GCC) ]
  ignore line: [COMPILER_PATH=/opt/rh/devtoolset-8/root/usr/libexec/gcc/x86_64-redhat-linux/8/:/opt/rh/devtoolset-8/root/usr/libexec/gcc/x86_64-redhat-linux/8/:/opt/rh/devtoolset-8/root/usr/libexec/gcc/x86_64-redhat-linux/:/opt/rh/devtoolset-8/root/usr/lib/gcc/x86_64-redhat-linux/8/:/opt/rh/devtoolset-8/root/usr/lib/gcc/x86_64-redhat-linux/]
  ignore line: [LIBRARY_PATH=/opt/rh/devtoolset-8/root/usr/lib/gcc/x86_64-redhat-linux/8/:/opt/rh/devtoolset-8/root/usr/lib/gcc/x86_64-redhat-linux/8/../../../../lib64/:/lib/../lib64/:/usr/lib/../lib64/:/opt/rh/devtoolset-8/root/usr/lib/gcc/x86_64-redhat-linux/8/../../../:/lib/:/usr/lib/]
  ignore line: [COLLECT_GCC_OPTIONS='-v' '-rdynamic' '-o' 'cmTC_f1962' '-mtune=generic' '-march=x86-64']
  link line: [ /opt/rh/devtoolset-8/root/usr/libexec/gcc/x86_64-redhat-linux/8/collect2 -plugin /opt/rh/devtoolset-8/root/usr/libexec/gcc/x86_64-redhat-linux/8/liblto_plugin.so -plugin-opt=/opt/rh/devtoolset-8/root/usr/libexec/gcc/x86_64-redhat-linux/8/lto-wrapper -plugin-opt=-fresolution=/tmp/cceJxj5W.res -plugin-opt=-pass-through=-lgcc -plugin-opt=-pass-through=-lgcc_s -plugin-opt=-pass-through=-lc -plugin-opt=-pass-through=-lgcc -plugin-opt=-pass-through=-lgcc_s --build-id --no-add-needed --eh-frame-hdr --hash-style=gnu -m elf_x86_64 -export-dynamic -dynamic-linker /lib64/ld-linux-x86-64.so.2 -o cmTC_f1962 /lib/../lib64/crt1.o /lib/../lib64/crti.o /opt/rh/devtoolset-8/root/usr/lib/gcc/x86_64-redhat-linux/8/crtbegin.o -L/opt/rh/devtoolset-8/root/usr/lib/gcc/x86_64-redhat-linux/8 -L/opt/rh/devtoolset-8/root/usr/lib/gcc/x86_64-redhat-linux/8/../../../../lib64 -L/lib/../lib64 -L/usr/lib/../lib64 -L/opt/rh/devtoolset-8/root/usr/lib/gcc/x86_64-redhat-linux/8/../../.. CMakeFiles/cmTC_f1962.dir/CMakeCCompilerABI.c.o -lgcc --as-needed -lgcc_s --no-as-needed -lc -lgcc --as-needed -lgcc_s --no-as-needed /opt/rh/devtoolset-8/root/usr/lib/gcc/x86_64-redhat-linux/8/crtend.o /lib/../lib64/crtn.o]
    arg [/opt/rh/devtoolset-8/root/usr/libexec/gcc/x86_64-redhat-linux/8/collect2] ==> ignore
    arg [-plugin] ==> ignore
    arg [/opt/rh/devtoolset-8/root/usr/libexec/gcc/x86_64-redhat-linux/8/liblto_plugin.so] ==> ignore
    arg [-plugin-opt=/opt/rh/devtoolset-8/root/usr/libexec/gcc/x86_64-redhat-linux/8/lto-wrapper] ==> ignore
    arg [-plugin-opt=-fresolution=/tmp/cceJxj5W.res] ==> ignore
    arg [-plugin-opt=-pass-through=-lgcc] ==> ignore
    arg [-plugin-opt=-pass-through=-lgcc_s] ==> ignore
    arg [-plugin-opt=-pass-through=-lc] ==> ignore
    arg [-plugin-opt=-pass-through=-lgcc] ==> ignore
    arg [-plugin-opt=-pass-through=-lgcc_s] ==> ignore
    arg [--build-id] ==> ignore
    arg [--no-add-needed] ==> ignore
    arg [--eh-frame-hdr] ==> ignore
    arg [--hash-style=gnu] ==> ignore
    arg [-m] ==> ignore
    arg [elf_x86_64] ==> ignore
    arg [-export-dynamic] ==> ignore
    arg [-dynamic-linker] ==> ignore
    arg [/lib64/ld-linux-x86-64.so.2] ==> ignore
    arg [-o] ==> ignore
    arg [cmTC_f1962] ==> ignore
    arg [/lib/../lib64/crt1.o] ==> ignore
    arg [/lib/../lib64/crti.o] ==> ignore
    arg [/opt/rh/devtoolset-8/root/usr/lib/gcc/x86_64-redhat-linux/8/crtbegin.o] ==> ignore
    arg [-L/opt/rh/devtoolset-8/root/usr/lib/gcc/x86_64-redhat-linux/8] ==> dir [/opt/rh/devtoolset-8/root/usr/lib/gcc/x86_64-redhat-linux/8]
    arg [-L/opt/rh/devtoolset-8/root/usr/lib/gcc/x86_64-redhat-linux/8/../../../../lib64] ==> dir [/opt/rh/devtoolset-8/root/usr/lib/gcc/x86_64-redhat-linux/8/../../../../lib64]
    arg [-L/lib/../lib64] ==> dir [/lib/../lib64]
    arg [-L/usr/lib/../lib64] ==> dir [/usr/lib/../lib64]
    arg [-L/opt/rh/devtoolset-8/root/usr/lib/gcc/x86_64-redhat-linux/8/../../..] ==> dir [/opt/rh/devtoolset-8/root/usr/lib/gcc/x86_64-redhat-linux/8/../../..]
    arg [CMakeFiles/cmTC_f1962.dir/CMakeCCompilerABI.c.o] ==> ignore
    arg [-lgcc] ==> lib [gcc]
    arg [--as-needed] ==> ignore
    arg [-lgcc_s] ==> lib [gcc_s]
    arg [--no-as-needed] ==> ignore
    arg [-lc] ==> lib [c]
    arg [-lgcc] ==> lib [gcc]
    arg [--as-needed] ==> ignore
    arg [-lgcc_s] ==> lib [gcc_s]
    arg [--no-as-needed] ==> ignore
    arg [/opt/rh/devtoolset-8/root/usr/lib/gcc/x86_64-redhat-linux/8/crtend.o] ==> ignore
    arg [/lib/../lib64/crtn.o] ==> ignore
  collapse library dir [/opt/rh/devtoolset-8/root/usr/lib/gcc/x86_64-redhat-linux/8] ==> [/opt/rh/devtoolset-8/root/usr/lib/gcc/x86_64-redhat-linux/8]
  collapse library dir [/opt/rh/devtoolset-8/root/usr/lib/gcc/x86_64-redhat-linux/8/../../../../lib64] ==> [/opt/rh/devtoolset-8/root/usr/lib64]
  collapse library dir [/lib/../lib64] ==> [/lib64]
  collapse library dir [/usr/lib/../lib64] ==> [/usr/lib64]
  collapse library dir [/opt/rh/devtoolset-8/root/usr/lib/gcc/x86_64-redhat-linux/8/../../..] ==> [/opt/rh/devtoolset-8/root/usr/lib]
  implicit libs: [gcc;gcc_s;c;gcc;gcc_s]
  implicit dirs: [/opt/rh/devtoolset-8/root/usr/lib/gcc/x86_64-redhat-linux/8;/opt/rh/devtoolset-8/root/usr/lib64;/lib64;/usr/lib64;/opt/rh/devtoolset-8/root/usr/lib]
  implicit fwks: []


Determining if the CXX compiler works passed with the following output:
Change Dir: /home/jmena/445s22/DualSPHysics_v5.0.4/DualSPHysics_v5.0/src/source/build/CMakeFiles/CMakeTmp

Run Build Command(s):/usr/bin/gmake cmTC_35593/fast && /usr/bin/gmake -f CMakeFiles/cmTC_35593.dir/build.make CMakeFiles/cmTC_35593.dir/build
gmake[1]: Entering directory `/home/jmena/445s22/DualSPHysics_v5.0.4/DualSPHysics_v5.0/src/source/build/CMakeFiles/CMakeTmp'
Building CXX object CMakeFiles/cmTC_35593.dir/testCXXCompiler.cxx.o
/usr/bin/c++     -o CMakeFiles/cmTC_35593.dir/testCXXCompiler.cxx.o -c /home/jmena/445s22/DualSPHysics_v5.0.4/DualSPHysics_v5.0/src/source/build/CMakeFiles/CMakeTmp/testCXXCompiler.cxx
Linking CXX executable cmTC_35593
/usr/local/bin/cmake -E cmake_link_script CMakeFiles/cmTC_35593.dir/link.txt --verbose=1
/usr/bin/c++       -rdynamic CMakeFiles/cmTC_35593.dir/testCXXCompiler.cxx.o  -o cmTC_35593 
gmake[1]: Leaving directory `/home/jmena/445s22/DualSPHysics_v5.0.4/DualSPHysics_v5.0/src/source/build/CMakeFiles/CMakeTmp'



Detecting CXX compiler ABI info compiled with the following output:
Change Dir: /home/jmena/445s22/DualSPHysics_v5.0.4/DualSPHysics_v5.0/src/source/build/CMakeFiles/CMakeTmp

Run Build Command(s):/usr/bin/gmake cmTC_31941/fast && /usr/bin/gmake -f CMakeFiles/cmTC_31941.dir/build.make CMakeFiles/cmTC_31941.dir/build
gmake[1]: Entering directory `/home/jmena/445s22/DualSPHysics_v5.0.4/DualSPHysics_v5.0/src/source/build/CMakeFiles/CMakeTmp'
Building CXX object CMakeFiles/cmTC_31941.dir/CMakeCXXCompilerABI.cpp.o
/usr/bin/c++    -v -o CMakeFiles/cmTC_31941.dir/CMakeCXXCompilerABI.cpp.o -c /usr/local/share/cmake-3.17/Modules/CMakeCXXCompilerABI.cpp
Using built-in specs.
COLLECT_GCC=/usr/bin/c++
Target: x86_64-redhat-linux
Configured with: ../configure --prefix=/usr --mandir=/usr/share/man --infodir=/usr/share/info --with-bugurl=http://bugzilla.redhat.com/bugzilla --enable-bootstrap --enable-shared --enable-threads=posix --enable-checking=release --with-system-zlib --enable-__cxa_atexit --disable-libunwind-exceptions --enable-gnu-unique-object --enable-linker-build-id --with-linker-hash-style=gnu --enable-languages=c,c++,objc,obj-c++,java,fortran,ada,go,lto --enable-plugin --enable-initfini-array --disable-libgcj --with-isl=/builddir/build/BUILD/gcc-4.8.5-20150702/obj-x86_64-redhat-linux/isl-install --with-cloog=/builddir/build/BUILD/gcc-4.8.5-20150702/obj-x86_64-redhat-linux/cloog-install --enable-gnu-indirect-function --with-tune=generic --with-arch_32=x86-64 --build=x86_64-redhat-linux
Thread model: posix
gcc version 4.8.5 20150623 (Red Hat 4.8.5-39) (GCC) 
COLLECT_GCC_OPTIONS='-v' '-o' 'CMakeFiles/cmTC_31941.dir/CMakeCXXCompilerABI.cpp.o' '-c' '-shared-libgcc' '-mtune=generic' '-march=x86-64'
 /usr/libexec/gcc/x86_64-redhat-linux/4.8.5/cc1plus -quiet -v -D_GNU_SOURCE /usr/local/share/cmake-3.17/Modules/CMakeCXXCompilerABI.cpp -quiet -dumpbase CMakeCXXCompilerABI.cpp -mtune=generic -march=x86-64 -auxbase-strip CMakeFiles/cmTC_31941.dir/CMakeCXXCompilerABI.cpp.o -version -o /tmp/cc6ur1ab.s
GNU C++ (GCC) version 4.8.5 20150623 (Red Hat 4.8.5-39) (x86_64-redhat-linux)
	compiled by GNU C version 4.8.5 20150623 (Red Hat 4.8.5-39), GMP version 6.0.0, MPFR version 3.1.1, MPC version 1.0.1
GGC heuristics: --param ggc-min-expand=100 --param ggc-min-heapsize=131072
ignoring nonexistent directory "/usr/lib/gcc/x86_64-redhat-linux/4.8.5/include-fixed"
ignoring nonexistent directory "/usr/lib/gcc/x86_64-redhat-linux/4.8.5/../../../../x86_64-redhat-linux/include"
#include "..." search starts here:
#include <...> search starts here:
 /usr/lib/gcc/x86_64-redhat-linux/4.8.5/../../../../include/c++/4.8.5
 /usr/lib/gcc/x86_64-redhat-linux/4.8.5/../../../../include/c++/4.8.5/x86_64-redhat-linux
 /usr/lib/gcc/x86_64-redhat-linux/4.8.5/../../../../include/c++/4.8.5/backward
 /usr/lib/gcc/x86_64-redhat-linux/4.8.5/include
 /usr/local/include
 /usr/include
End of search list.
GNU C++ (GCC) version 4.8.5 20150623 (Red Hat 4.8.5-39) (x86_64-redhat-linux)
	compiled by GNU C version 4.8.5 20150623 (Red Hat 4.8.5-39), GMP version 6.0.0, MPFR version 3.1.1, MPC version 1.0.1
GGC heuristics: --param ggc-min-expand=100 --param ggc-min-heapsize=131072
Compiler executable checksum: 0b3d22846f8ec00d42314b8d2d71514a
COLLECT_GCC_OPTIONS='-v' '-o' 'CMakeFiles/cmTC_31941.dir/CMakeCXXCompilerABI.cpp.o' '-c' '-shared-libgcc' '-mtune=generic' '-march=x86-64'
 as -v --64 -o CMakeFiles/cmTC_31941.dir/CMakeCXXCompilerABI.cpp.o /tmp/cc6ur1ab.s
GNU assembler version 2.27 (x86_64-redhat-linux) using BFD version version 2.27-43.base.el7_8.1
COMPILER_PATH=/usr/libexec/gcc/x86_64-redhat-linux/4.8.5/:/usr/libexec/gcc/x86_64-redhat-linux/4.8.5/:/usr/libexec/gcc/x86_64-redhat-linux/:/usr/lib/gcc/x86_64-redhat-linux/4.8.5/:/usr/lib/gcc/x86_64-redhat-linux/
LIBRARY_PATH=/usr/lib/gcc/x86_64-redhat-linux/4.8.5/:/usr/lib/gcc/x86_64-redhat-linux/4.8.5/../../../../lib64/:/lib/../lib64/:/usr/lib/../lib64/:/usr/lib/gcc/x86_64-redhat-linux/4.8.5/../../../:/lib/:/usr/lib/
COLLECT_GCC_OPTIONS='-v' '-o' 'CMakeFiles/cmTC_31941.dir/CMakeCXXCompilerABI.cpp.o' '-c' '-shared-libgcc' '-mtune=generic' '-march=x86-64'
Linking CXX executable cmTC_31941
/usr/local/bin/cmake -E cmake_link_script CMakeFiles/cmTC_31941.dir/link.txt --verbose=1
/usr/bin/c++      -v -rdynamic CMakeFiles/cmTC_31941.dir/CMakeCXXCompilerABI.cpp.o  -o cmTC_31941 
Using built-in specs.
COLLECT_GCC=/usr/bin/c++
COLLECT_LTO_WRAPPER=/usr/libexec/gcc/x86_64-redhat-linux/4.8.5/lto-wrapper
Target: x86_64-redhat-linux
Configured with: ../configure --prefix=/usr --mandir=/usr/share/man --infodir=/usr/share/info --with-bugurl=http://bugzilla.redhat.com/bugzilla --enable-bootstrap --enable-shared --enable-threads=posix --enable-checking=release --with-system-zlib --enable-__cxa_atexit --disable-libunwind-exceptions --enable-gnu-unique-object --enable-linker-build-id --with-linker-hash-style=gnu --enable-languages=c,c++,objc,obj-c++,java,fortran,ada,go,lto --enable-plugin --enable-initfini-array --disable-libgcj --with-isl=/builddir/build/BUILD/gcc-4.8.5-20150702/obj-x86_64-redhat-linux/isl-install --with-cloog=/builddir/build/BUILD/gcc-4.8.5-20150702/obj-x86_64-redhat-linux/cloog-install --enable-gnu-indirect-function --with-tune=generic --with-arch_32=x86-64 --build=x86_64-redhat-linux
Thread model: posix
gcc version 4.8.5 20150623 (Red Hat 4.8.5-39) (GCC) 
COMPILER_PATH=/usr/libexec/gcc/x86_64-redhat-linux/4.8.5/:/usr/libexec/gcc/x86_64-redhat-linux/4.8.5/:/usr/libexec/gcc/x86_64-redhat-linux/:/usr/lib/gcc/x86_64-redhat-linux/4.8.5/:/usr/lib/gcc/x86_64-redhat-linux/
LIBRARY_PATH=/usr/lib/gcc/x86_64-redhat-linux/4.8.5/:/usr/lib/gcc/x86_64-redhat-linux/4.8.5/../../../../lib64/:/lib/../lib64/:/usr/lib/../lib64/:/usr/lib/gcc/x86_64-redhat-linux/4.8.5/../../../:/lib/:/usr/lib/
COLLECT_GCC_OPTIONS='-v' '-rdynamic' '-o' 'cmTC_31941' '-shared-libgcc' '-mtune=generic' '-march=x86-64'
 /usr/libexec/gcc/x86_64-redhat-linux/4.8.5/collect2 --build-id --no-add-needed --eh-frame-hdr --hash-style=gnu -m elf_x86_64 -export-dynamic -dynamic-linker /lib64/ld-linux-x86-64.so.2 -o cmTC_31941 /usr/lib/gcc/x86_64-redhat-linux/4.8.5/../../../../lib64/crt1.o /usr/lib/gcc/x86_64-redhat-linux/4.8.5/../../../../lib64/crti.o /usr/lib/gcc/x86_64-redhat-linux/4.8.5/crtbegin.o -L/usr/lib/gcc/x86_64-redhat-linux/4.8.5 -L/usr/lib/gcc/x86_64-redhat-linux/4.8.5/../../../../lib64 -L/lib/../lib64 -L/usr/lib/../lib64 -L/usr/lib/gcc/x86_64-redhat-linux/4.8.5/../../.. CMakeFiles/cmTC_31941.dir/CMakeCXXCompilerABI.cpp.o -lstdc++ -lm -lgcc_s -lgcc -lc -lgcc_s -lgcc /usr/lib/gcc/x86_64-redhat-linux/4.8.5/crtend.o /usr/lib/gcc/x86_64-redhat-linux/4.8.5/../../../../lib64/crtn.o
gmake[1]: Leaving directory `/home/jmena/445s22/DualSPHysics_v5.0.4/DualSPHysics_v5.0/src/source/build/CMakeFiles/CMakeTmp'



Parsed CXX implicit include dir info from above output: rv=done
  found start of include info
  found start of implicit include info
    add: [/usr/lib/gcc/x86_64-redhat-linux/4.8.5/../../../../include/c++/4.8.5]
    add: [/usr/lib/gcc/x86_64-redhat-linux/4.8.5/../../../../include/c++/4.8.5/x86_64-redhat-linux]
    add: [/usr/lib/gcc/x86_64-redhat-linux/4.8.5/../../../../include/c++/4.8.5/backward]
    add: [/usr/lib/gcc/x86_64-redhat-linux/4.8.5/include]
    add: [/usr/local/include]
    add: [/usr/include]
  end of search list found
  collapse include dir [/usr/lib/gcc/x86_64-redhat-linux/4.8.5/../../../../include/c++/4.8.5] ==> [/usr/include/c++/4.8.5]
  collapse include dir [/usr/lib/gcc/x86_64-redhat-linux/4.8.5/../../../../include/c++/4.8.5/x86_64-redhat-linux] ==> [/usr/include/c++/4.8.5/x86_64-redhat-linux]
  collapse include dir [/usr/lib/gcc/x86_64-redhat-linux/4.8.5/../../../../include/c++/4.8.5/backward] ==> [/usr/include/c++/4.8.5/backward]
  collapse include dir [/usr/lib/gcc/x86_64-redhat-linux/4.8.5/include] ==> [/usr/lib/gcc/x86_64-redhat-linux/4.8.5/include]
  collapse include dir [/usr/local/include] ==> [/usr/local/include]
  collapse include dir [/usr/include] ==> [/usr/include]
  implicit include dirs: [/usr/include/c++/4.8.5;/usr/include/c++/4.8.5/x86_64-redhat-linux;/usr/include/c++/4.8.5/backward;/usr/lib/gcc/x86_64-redhat-linux/4.8.5/include;/usr/local/include;/usr/include]


Parsed CXX implicit link information from above output:
  link line regex: [^( *|.*[/\])(ld|CMAKE_LINK_STARTFILE-NOTFOUND|([^/\]+-)?ld|collect2)[^/\]*( |$)]
  ignore line: [Change Dir: /home/jmena/445s22/DualSPHysics_v5.0.4/DualSPHysics_v5.0/src/source/build/CMakeFiles/CMakeTmp]
  ignore line: []
  ignore line: [Run Build Command(s):/usr/bin/gmake cmTC_31941/fast && /usr/bin/gmake -f CMakeFiles/cmTC_31941.dir/build.make CMakeFiles/cmTC_31941.dir/build]
  ignore line: [gmake[1]: Entering directory `/home/jmena/445s22/DualSPHysics_v5.0.4/DualSPHysics_v5.0/src/source/build/CMakeFiles/CMakeTmp']
  ignore line: [Building CXX object CMakeFiles/cmTC_31941.dir/CMakeCXXCompilerABI.cpp.o]
  ignore line: [/usr/bin/c++    -v -o CMakeFiles/cmTC_31941.dir/CMakeCXXCompilerABI.cpp.o -c /usr/local/share/cmake-3.17/Modules/CMakeCXXCompilerABI.cpp]
  ignore line: [Using built-in specs.]
  ignore line: [COLLECT_GCC=/usr/bin/c++]
  ignore line: [Target: x86_64-redhat-linux]
  ignore line: [Configured with: ../configure --prefix=/usr --mandir=/usr/share/man --infodir=/usr/share/info --with-bugurl=http://bugzilla.redhat.com/bugzilla --enable-bootstrap --enable-shared --enable-threads=posix --enable-checking=release --with-system-zlib --enable-__cxa_atexit --disable-libunwind-exceptions --enable-gnu-unique-object --enable-linker-build-id --with-linker-hash-style=gnu --enable-languages=c c++ objc obj-c++ java fortran ada go lto --enable-plugin --enable-initfini-array --disable-libgcj --with-isl=/builddir/build/BUILD/gcc-4.8.5-20150702/obj-x86_64-redhat-linux/isl-install --with-cloog=/builddir/build/BUILD/gcc-4.8.5-20150702/obj-x86_64-redhat-linux/cloog-install --enable-gnu-indirect-function --with-tune=generic --with-arch_32=x86-64 --build=x86_64-redhat-linux]
  ignore line: [Thread model: posix]
  ignore line: [gcc version 4.8.5 20150623 (Red Hat 4.8.5-39) (GCC) ]
  ignore line: [COLLECT_GCC_OPTIONS='-v' '-o' 'CMakeFiles/cmTC_31941.dir/CMakeCXXCompilerABI.cpp.o' '-c' '-shared-libgcc' '-mtune=generic' '-march=x86-64']
  ignore line: [ /usr/libexec/gcc/x86_64-redhat-linux/4.8.5/cc1plus -quiet -v -D_GNU_SOURCE /usr/local/share/cmake-3.17/Modules/CMakeCXXCompilerABI.cpp -quiet -dumpbase CMakeCXXCompilerABI.cpp -mtune=generic -march=x86-64 -auxbase-strip CMakeFiles/cmTC_31941.dir/CMakeCXXCompilerABI.cpp.o -version -o /tmp/cc6ur1ab.s]
  ignore line: [GNU C++ (GCC) version 4.8.5 20150623 (Red Hat 4.8.5-39) (x86_64-redhat-linux)]
  ignore line: [	compiled by GNU C version 4.8.5 20150623 (Red Hat 4.8.5-39)  GMP version 6.0.0  MPFR version 3.1.1  MPC version 1.0.1]
  ignore line: [GGC heuristics: --param ggc-min-expand=100 --param ggc-min-heapsize=131072]
  ignore line: [ignoring nonexistent directory "/usr/lib/gcc/x86_64-redhat-linux/4.8.5/include-fixed"]
  ignore line: [ignoring nonexistent directory "/usr/lib/gcc/x86_64-redhat-linux/4.8.5/../../../../x86_64-redhat-linux/include"]
  ignore line: [#include "..." search starts here:]
  ignore line: [#include <...> search starts here:]
  ignore line: [ /usr/lib/gcc/x86_64-redhat-linux/4.8.5/../../../../include/c++/4.8.5]
  ignore line: [ /usr/lib/gcc/x86_64-redhat-linux/4.8.5/../../../../include/c++/4.8.5/x86_64-redhat-linux]
  ignore line: [ /usr/lib/gcc/x86_64-redhat-linux/4.8.5/../../../../include/c++/4.8.5/backward]
  ignore line: [ /usr/lib/gcc/x86_64-redhat-linux/4.8.5/include]
  ignore line: [ /usr/local/include]
  ignore line: [ /usr/include]
  ignore line: [End of search list.]
  ignore line: [GNU C++ (GCC) version 4.8.5 20150623 (Red Hat 4.8.5-39) (x86_64-redhat-linux)]
  ignore line: [	compiled by GNU C version 4.8.5 20150623 (Red Hat 4.8.5-39)  GMP version 6.0.0  MPFR version 3.1.1  MPC version 1.0.1]
  ignore line: [GGC heuristics: --param ggc-min-expand=100 --param ggc-min-heapsize=131072]
  ignore line: [Compiler executable checksum: 0b3d22846f8ec00d42314b8d2d71514a]
  ignore line: [COLLECT_GCC_OPTIONS='-v' '-o' 'CMakeFiles/cmTC_31941.dir/CMakeCXXCompilerABI.cpp.o' '-c' '-shared-libgcc' '-mtune=generic' '-march=x86-64']
  ignore line: [ as -v --64 -o CMakeFiles/cmTC_31941.dir/CMakeCXXCompilerABI.cpp.o /tmp/cc6ur1ab.s]
  ignore line: [GNU assembler version 2.27 (x86_64-redhat-linux) using BFD version version 2.27-43.base.el7_8.1]
  ignore line: [COMPILER_PATH=/usr/libexec/gcc/x86_64-redhat-linux/4.8.5/:/usr/libexec/gcc/x86_64-redhat-linux/4.8.5/:/usr/libexec/gcc/x86_64-redhat-linux/:/usr/lib/gcc/x86_64-redhat-linux/4.8.5/:/usr/lib/gcc/x86_64-redhat-linux/]
  ignore line: [LIBRARY_PATH=/usr/lib/gcc/x86_64-redhat-linux/4.8.5/:/usr/lib/gcc/x86_64-redhat-linux/4.8.5/../../../../lib64/:/lib/../lib64/:/usr/lib/../lib64/:/usr/lib/gcc/x86_64-redhat-linux/4.8.5/../../../:/lib/:/usr/lib/]
  ignore line: [COLLECT_GCC_OPTIONS='-v' '-o' 'CMakeFiles/cmTC_31941.dir/CMakeCXXCompilerABI.cpp.o' '-c' '-shared-libgcc' '-mtune=generic' '-march=x86-64']
  ignore line: [Linking CXX executable cmTC_31941]
  ignore line: [/usr/local/bin/cmake -E cmake_link_script CMakeFiles/cmTC_31941.dir/link.txt --verbose=1]
  ignore line: [/usr/bin/c++      -v -rdynamic CMakeFiles/cmTC_31941.dir/CMakeCXXCompilerABI.cpp.o  -o cmTC_31941 ]
  ignore line: [Using built-in specs.]
  ignore line: [COLLECT_GCC=/usr/bin/c++]
  ignore line: [COLLECT_LTO_WRAPPER=/usr/libexec/gcc/x86_64-redhat-linux/4.8.5/lto-wrapper]
  ignore line: [Target: x86_64-redhat-linux]
  ignore line: [Configured with: ../configure --prefix=/usr --mandir=/usr/share/man --infodir=/usr/share/info --with-bugurl=http://bugzilla.redhat.com/bugzilla --enable-bootstrap --enable-shared --enable-threads=posix --enable-checking=release --with-system-zlib --enable-__cxa_atexit --disable-libunwind-exceptions --enable-gnu-unique-object --enable-linker-build-id --with-linker-hash-style=gnu --enable-languages=c c++ objc obj-c++ java fortran ada go lto --enable-plugin --enable-initfini-array --disable-libgcj --with-isl=/builddir/build/BUILD/gcc-4.8.5-20150702/obj-x86_64-redhat-linux/isl-install --with-cloog=/builddir/build/BUILD/gcc-4.8.5-20150702/obj-x86_64-redhat-linux/cloog-install --enable-gnu-indirect-function --with-tune=generic --with-arch_32=x86-64 --build=x86_64-redhat-linux]
  ignore line: [Thread model: posix]
  ignore line: [gcc version 4.8.5 20150623 (Red Hat 4.8.5-39) (GCC) ]
  ignore line: [COMPILER_PATH=/usr/libexec/gcc/x86_64-redhat-linux/4.8.5/:/usr/libexec/gcc/x86_64-redhat-linux/4.8.5/:/usr/libexec/gcc/x86_64-redhat-linux/:/usr/lib/gcc/x86_64-redhat-linux/4.8.5/:/usr/lib/gcc/x86_64-redhat-linux/]
  ignore line: [LIBRARY_PATH=/usr/lib/gcc/x86_64-redhat-linux/4.8.5/:/usr/lib/gcc/x86_64-redhat-linux/4.8.5/../../../../lib64/:/lib/../lib64/:/usr/lib/../lib64/:/usr/lib/gcc/x86_64-redhat-linux/4.8.5/../../../:/lib/:/usr/lib/]
  ignore line: [COLLECT_GCC_OPTIONS='-v' '-rdynamic' '-o' 'cmTC_31941' '-shared-libgcc' '-mtune=generic' '-march=x86-64']
  link line: [ /usr/libexec/gcc/x86_64-redhat-linux/4.8.5/collect2 --build-id --no-add-needed --eh-frame-hdr --hash-style=gnu -m elf_x86_64 -export-dynamic -dynamic-linker /lib64/ld-linux-x86-64.so.2 -o cmTC_31941 /usr/lib/gcc/x86_64-redhat-linux/4.8.5/../../../../lib64/crt1.o /usr/lib/gcc/x86_64-redhat-linux/4.8.5/../../../../lib64/crti.o /usr/lib/gcc/x86_64-redhat-linux/4.8.5/crtbegin.o -L/usr/lib/gcc/x86_64-redhat-linux/4.8.5 -L/usr/lib/gcc/x86_64-redhat-linux/4.8.5/../../../../lib64 -L/lib/../lib64 -L/usr/lib/../lib64 -L/usr/lib/gcc/x86_64-redhat-linux/4.8.5/../../.. CMakeFiles/cmTC_31941.dir/CMakeCXXCompilerABI.cpp.o -lstdc++ -lm -lgcc_s -lgcc -lc -lgcc_s -lgcc /usr/lib/gcc/x86_64-redhat-linux/4.8.5/crtend.o /usr/lib/gcc/x86_64-redhat-linux/4.8.5/../../../../lib64/crtn.o]
    arg [/usr/libexec/gcc/x86_64-redhat-linux/4.8.5/collect2] ==> ignore
    arg [--build-id] ==> ignore
    arg [--no-add-needed] ==> ignore
    arg [--eh-frame-hdr] ==> ignore
    arg [--hash-style=gnu] ==> ignore
    arg [-m] ==> ignore
    arg [elf_x86_64] ==> ignore
    arg [-export-dynamic] ==> ignore
    arg [-dynamic-linker] ==> ignore
    arg [/lib64/ld-linux-x86-64.so.2] ==> ignore
    arg [-o] ==> ignore
    arg [cmTC_31941] ==> ignore
    arg [/usr/lib/gcc/x86_64-redhat-linux/4.8.5/../../../../lib64/crt1.o] ==> ignore
    arg [/usr/lib/gcc/x86_64-redhat-linux/4.8.5/../../../../lib64/crti.o] ==> ignore
    arg [/usr/lib/gcc/x86_64-redhat-linux/4.8.5/crtbegin.o] ==> ignore
    arg [-L/usr/lib/gcc/x86_64-redhat-linux/4.8.5] ==> dir [/usr/lib/gcc/x86_64-redhat-linux/4.8.5]
    arg [-L/usr/lib/gcc/x86_64-redhat-linux/4.8.5/../../../../lib64] ==> dir [/usr/lib/gcc/x86_64-redhat-linux/4.8.5/../../../../lib64]
    arg [-L/lib/../lib64] ==> dir [/lib/../lib64]
    arg [-L/usr/lib/../lib64] ==> dir [/usr/lib/../lib64]
    arg [-L/usr/lib/gcc/x86_64-redhat-linux/4.8.5/../../..] ==> dir [/usr/lib/gcc/x86_64-redhat-linux/4.8.5/../../..]
    arg [CMakeFiles/cmTC_31941.dir/CMakeCXXCompilerABI.cpp.o] ==> ignore
    arg [-lstdc++] ==> lib [stdc++]
    arg [-lm] ==> lib [m]
    arg [-lgcc_s] ==> lib [gcc_s]
    arg [-lgcc] ==> lib [gcc]
    arg [-lc] ==> lib [c]
    arg [-lgcc_s] ==> lib [gcc_s]
    arg [-lgcc] ==> lib [gcc]
    arg [/usr/lib/gcc/x86_64-redhat-linux/4.8.5/crtend.o] ==> ignore
    arg [/usr/lib/gcc/x86_64-redhat-linux/4.8.5/../../../../lib64/crtn.o] ==> ignore
  collapse library dir [/usr/lib/gcc/x86_64-redhat-linux/4.8.5] ==> [/usr/lib/gcc/x86_64-redhat-linux/4.8.5]
  collapse library dir [/usr/lib/gcc/x86_64-redhat-linux/4.8.5/../../../../lib64] ==> [/usr/lib64]
  collapse library dir [/lib/../lib64] ==> [/lib64]
  collapse library dir [/usr/lib/../lib64] ==> [/usr/lib64]
  collapse library dir [/usr/lib/gcc/x86_64-redhat-linux/4.8.5/../../..] ==> [/usr/lib]
  implicit libs: [stdc++;m;gcc_s;gcc;c;gcc_s;gcc]
  implicit dirs: [/usr/lib/gcc/x86_64-redhat-linux/4.8.5;/usr/lib64;/lib64;/usr/lib]
  implicit fwks: []




Detecting CXX [-std=c++1y] compiler features compiled with the following output:
Change Dir: /home/jmena/445s22/DualSPHysics_v5.0.4/DualSPHysics_v5.0/src/source/build/CMakeFiles/CMakeTmp

Run Build Command(s):/usr/bin/gmake cmTC_8624e/fast && /usr/bin/gmake -f CMakeFiles/cmTC_8624e.dir/build.make CMakeFiles/cmTC_8624e.dir/build
gmake[1]: Entering directory `/home/jmena/445s22/DualSPHysics_v5.0.4/DualSPHysics_v5.0/src/source/build/CMakeFiles/CMakeTmp'
Building CXX object CMakeFiles/cmTC_8624e.dir/feature_tests.cxx.o
/usr/bin/c++    -std=c++1y -o CMakeFiles/cmTC_8624e.dir/feature_tests.cxx.o -c /home/jmena/445s22/DualSPHysics_v5.0.4/DualSPHysics_v5.0/src/source/build/CMakeFiles/feature_tests.cxx
Linking CXX executable cmTC_8624e
/usr/local/bin/cmake -E cmake_link_script CMakeFiles/cmTC_8624e.dir/link.txt --verbose=1
/usr/bin/c++       -rdynamic CMakeFiles/cmTC_8624e.dir/feature_tests.cxx.o  -o cmTC_8624e 
gmake[1]: Leaving directory `/home/jmena/445s22/DualSPHysics_v5.0.4/DualSPHysics_v5.0/src/source/build/CMakeFiles/CMakeTmp'



    Feature record: CXX_FEATURE:1cxx_template_template_parameters
    Feature record: CXX_FEATURE:1cxx_alias_templates
    Feature record: CXX_FEATURE:1cxx_alignas
    Feature record: CXX_FEATURE:1cxx_alignof
    Feature record: CXX_FEATURE:1cxx_attributes
    Feature record: CXX_FEATURE:1cxx_auto_type
    Feature record: CXX_FEATURE:1cxx_constexpr
    Feature record: CXX_FEATURE:1cxx_decltype
    Feature record: CXX_FEATURE:1cxx_decltype_incomplete_return_types
    Feature record: CXX_FEATURE:1cxx_default_function_template_args
    Feature record: CXX_FEATURE:1cxx_defaulted_functions
    Feature record: CXX_FEATURE:1cxx_defaulted_move_initializers
    Feature record: CXX_FEATURE:1cxx_delegating_constructors
    Feature record: CXX_FEATURE:1cxx_deleted_functions
    Feature record: CXX_FEATURE:1cxx_enum_forward_declarations
    Feature record: CXX_FEATURE:1cxx_explicit_conversions
    Feature record: CXX_FEATURE:1cxx_extended_friend_declarations
    Feature record: CXX_FEATURE:1cxx_extern_templates
    Feature record: CXX_FEATURE:1cxx_final
    Feature record: CXX_FEATURE:1cxx_func_identifier
    Feature record: CXX_FEATURE:1cxx_generalized_initializers
    Feature record: CXX_FEATURE:1cxx_inheriting_constructors
    Feature record: CXX_FEATURE:1cxx_inline_namespaces
    Feature record: CXX_FEATURE:1cxx_lambdas
    Feature record: CXX_FEATURE:1cxx_local_type_template_args
    Feature record: CXX_FEATURE:1cxx_long_long_type
    Feature record: CXX_FEATURE:1cxx_noexcept
    Feature record: CXX_FEATURE:1cxx_nonstatic_member_init
    Feature record: CXX_FEATURE:1cxx_nullptr
    Feature record: CXX_FEATURE:1cxx_override
    Feature record: CXX_FEATURE:1cxx_range_for
    Feature record: CXX_FEATURE:1cxx_raw_string_literals
    Feature record: CXX_FEATURE:1cxx_reference_qualified_functions
    Feature record: CXX_FEATURE:1cxx_right_angle_brackets
    Feature record: CXX_FEATURE:1cxx_rvalue_references
    Feature record: CXX_FEATURE:1cxx_sizeof_member
    Feature record: CXX_FEATURE:1cxx_static_assert
    Feature record: CXX_FEATURE:1cxx_strong_enums
    Feature record: CXX_FEATURE:1cxx_thread_local
    Feature record: CXX_FEATURE:1cxx_trailing_return_types
    Feature record: CXX_FEATURE:1cxx_unicode_literals
    Feature record: CXX_FEATURE:1cxx_uniform_initialization
    Feature record: CXX_FEATURE:1cxx_unrestricted_unions
    Feature record: CXX_FEATURE:1cxx_user_literals
    Feature record: CXX_FEATURE:1cxx_variadic_macros
    Feature record: CXX_FEATURE:1cxx_variadic_templates
    Feature record: CXX_FEATURE:0cxx_aggregate_default_initializers
    Feature record: CXX_FEATURE:0cxx_attribute_deprecated
    Feature record: CXX_FEATURE:0cxx_binary_literals
    Feature record: CXX_FEATURE:0cxx_contextual_conversions
    Feature record: CXX_FEATURE:0cxx_decltype_auto
    Feature record: CXX_FEATURE:0cxx_digit_separators
    Feature record: CXX_FEATURE:0cxx_generic_lambdas
    Feature record: CXX_FEATURE:0cxx_lambda_init_captures
    Feature record: CXX_FEATURE:0cxx_relaxed_constexpr
    Feature record: CXX_FEATURE:0cxx_return_type_deduction
    Feature record: CXX_FEATURE:0cxx_variable_templates
Determining if the include file pthread.h exists passed with the following output:
Change Dir: /home/jmena/445s22/DualSPHysics_v5.0.4/DualSPHysics_v5.0/src/source/build/CMakeFiles/CMakeTmp

Run Build Command(s):/usr/bin/gmake cmTC_57931/fast && /usr/bin/gmake -f CMakeFiles/cmTC_57931.dir/build.make CMakeFiles/cmTC_57931.dir/build
gmake[1]: Entering directory `/home/jmena/445s22/DualSPHysics_v5.0.4/DualSPHysics_v5.0/src/source/build/CMakeFiles/CMakeTmp'
Building C object CMakeFiles/cmTC_57931.dir/CheckIncludeFile.c.o
/usr/bin/cc   -fPIC    -o CMakeFiles/cmTC_57931.dir/CheckIncludeFile.c.o   -c /home/jmena/445s22/DualSPHysics_v5.0.4/DualSPHysics_v5.0/src/source/build/CMakeFiles/CMakeTmp/CheckIncludeFile.c
Linking C executable cmTC_57931
/usr/local/bin/cmake -E cmake_link_script CMakeFiles/cmTC_57931.dir/link.txt --verbose=1
/usr/bin/cc -fPIC     -rdynamic CMakeFiles/cmTC_57931.dir/CheckIncludeFile.c.o  -o cmTC_57931 
gmake[1]: Leaving directory `/home/jmena/445s22/DualSPHysics_v5.0.4/DualSPHysics_v5.0/src/source/build/CMakeFiles/CMakeTmp'



Determining if the function pthread_create exists in the pthread passed with the following output:
Change Dir: /home/jmena/445s22/DualSPHysics_v5.0.4/DualSPHysics_v5.0/src/source/build/CMakeFiles/CMakeTmp

Run Build Command(s):/usr/bin/gmake cmTC_923a9/fast && /usr/bin/gmake -f CMakeFiles/cmTC_923a9.dir/build.make CMakeFiles/cmTC_923a9.dir/build
gmake[1]: Entering directory `/home/jmena/445s22/DualSPHysics_v5.0.4/DualSPHysics_v5.0/src/source/build/CMakeFiles/CMakeTmp'
Building C object CMakeFiles/cmTC_923a9.dir/CheckFunctionExists.c.o
/usr/bin/cc   -fPIC -DCHECK_FUNCTION_EXISTS=pthread_create   -o CMakeFiles/cmTC_923a9.dir/CheckFunctionExists.c.o   -c /usr/local/share/cmake-3.17/Modules/CheckFunctionExists.c
Linking C executable cmTC_923a9
/usr/local/bin/cmake -E cmake_link_script CMakeFiles/cmTC_923a9.dir/link.txt --verbose=1
/usr/bin/cc -fPIC -DCHECK_FUNCTION_EXISTS=pthread_create    -rdynamic CMakeFiles/cmTC_923a9.dir/CheckFunctionExists.c.o  -o cmTC_923a9  -lpthread 
gmake[1]: Leaving directory `/home/jmena/445s22/DualSPHysics_v5.0.4/DualSPHysics_v5.0/src/source/build/CMakeFiles/CMakeTmp'



Detecting C OpenMP compiler ABI info compiled with the following output:
Change Dir: /home/jmena/445s22/DualSPHysics_v5.0.4/DualSPHysics_v5.0/src/source/build/CMakeFiles/CMakeTmp

Run Build Command(s):/usr/bin/gmake cmTC_17ee1/fast && /usr/bin/gmake -f CMakeFiles/cmTC_17ee1.dir/build.make CMakeFiles/cmTC_17ee1.dir/build
gmake[1]: Entering directory `/home/jmena/445s22/DualSPHysics_v5.0.4/DualSPHysics_v5.0/src/source/build/CMakeFiles/CMakeTmp'
Building C object CMakeFiles/cmTC_17ee1.dir/OpenMPTryFlag.c.o
/usr/bin/cc   -fopenmp -v   -o CMakeFiles/cmTC_17ee1.dir/OpenMPTryFlag.c.o   -c /home/jmena/445s22/DualSPHysics_v5.0.4/DualSPHysics_v5.0/src/source/build/CMakeFiles/FindOpenMP/OpenMPTryFlag.c
Using built-in specs.
COLLECT_GCC=/usr/bin/cc
Target: x86_64-redhat-linux
Configured with: ../configure --enable-bootstrap --enable-languages=c,c++,fortran,lto --prefix=/opt/rh/devtoolset-8/root/usr --mandir=/opt/rh/devtoolset-8/root/usr/share/man --infodir=/opt/rh/devtoolset-8/root/usr/share/info --with-bugurl=http://bugzilla.redhat.com/bugzilla --enable-shared --enable-threads=posix --enable-checking=release --enable-multilib --with-system-zlib --enable-__cxa_atexit --disable-libunwind-exceptions --enable-gnu-unique-object --enable-linker-build-id --with-gcc-major-version-only --with-linker-hash-style=gnu --with-default-libstdcxx-abi=gcc4-compatible --enable-plugin --enable-initfini-array --with-isl=/builddir/build/BUILD/gcc-8.3.1-20190311/obj-x86_64-redhat-linux/isl-install --disable-libmpx --enable-gnu-indirect-function --with-tune=generic --with-arch_32=x86-64 --build=x86_64-redhat-linux
Thread model: posix
gcc version 8.3.1 20190311 (Red Hat 8.3.1-3) (GCC) 
COLLECT_GCC_OPTIONS='-fopenmp' '-v' '-o' 'CMakeFiles/cmTC_17ee1.dir/OpenMPTryFlag.c.o' '-c' '-mtune=generic' '-march=x86-64' '-pthread'
 /opt/rh/devtoolset-8/root/usr/libexec/gcc/x86_64-redhat-linux/8/cc1 -quiet -v -D_REENTRANT /home/jmena/445s22/DualSPHysics_v5.0.4/DualSPHysics_v5.0/src/source/build/CMakeFiles/FindOpenMP/OpenMPTryFlag.c -quiet -dumpbase OpenMPTryFlag.c -mtune=generic -march=x86-64 -auxbase-strip CMakeFiles/cmTC_17ee1.dir/OpenMPTryFlag.c.o -version -fopenmp -o /tmp/cc9uesEl.s
GNU C17 (GCC) version 8.3.1 20190311 (Red Hat 8.3.1-3) (x86_64-redhat-linux)
	compiled by GNU C version 8.3.1 20190311 (Red Hat 8.3.1-3), GMP version 6.0.0, MPFR version 3.1.1, MPC version 1.0.1, isl version isl-0.16.1-GMP

GGC heuristics: --param ggc-min-expand=100 --param ggc-min-heapsize=131072
ignoring nonexistent directory "/opt/rh/devtoolset-8/root/usr/lib/gcc/x86_64-redhat-linux/8/include-fixed"
ignoring nonexistent directory "/opt/rh/devtoolset-8/root/usr/lib/gcc/x86_64-redhat-linux/8/../../../../x86_64-redhat-linux/include"
#include "..." search starts here:
#include <...> search starts here:
 /opt/rh/devtoolset-8/root/usr/lib/gcc/x86_64-redhat-linux/8/include
 /usr/local/include
 /opt/rh/devtoolset-8/root/usr/include
 /usr/include
End of search list.
GNU C17 (GCC) version 8.3.1 20190311 (Red Hat 8.3.1-3) (x86_64-redhat-linux)
	compiled by GNU C version 8.3.1 20190311 (Red Hat 8.3.1-3), GMP version 6.0.0, MPFR version 3.1.1, MPC version 1.0.1, isl version isl-0.16.1-GMP

GGC heuristics: --param ggc-min-expand=100 --param ggc-min-heapsize=131072
Compiler executable checksum: 44fd30fd0fdcf2e8887a67e69c89caa4
COLLECT_GCC_OPTIONS='-fopenmp' '-v' '-o' 'CMakeFiles/cmTC_17ee1.dir/OpenMPTryFlag.c.o' '-c' '-mtune=generic' '-march=x86-64' '-pthread'
 /opt/rh/devtoolset-8/root/usr/libexec/gcc/x86_64-redhat-linux/8/as -v --64 -o CMakeFiles/cmTC_17ee1.dir/OpenMPTryFlag.c.o /tmp/cc9uesEl.s
GNU assembler version 2.30 (x86_64-redhat-linux) using BFD version version 2.30-55.el7.2
COMPILER_PATH=/opt/rh/devtoolset-8/root/usr/libexec/gcc/x86_64-redhat-linux/8/:/opt/rh/devtoolset-8/root/usr/libexec/gcc/x86_64-redhat-linux/8/:/opt/rh/devtoolset-8/root/usr/libexec/gcc/x86_64-redhat-linux/:/opt/rh/devtoolset-8/root/usr/lib/gcc/x86_64-redhat-linux/8/:/opt/rh/devtoolset-8/root/usr/lib/gcc/x86_64-redhat-linux/
LIBRARY_PATH=/opt/rh/devtoolset-8/root/usr/lib/gcc/x86_64-redhat-linux/8/:/opt/rh/devtoolset-8/root/usr/lib/gcc/x86_64-redhat-linux/8/../../../../lib64/:/lib/../lib64/:/usr/lib/../lib64/:/opt/rh/devtoolset-8/root/usr/lib/gcc/x86_64-redhat-linux/8/../../../:/lib/:/usr/lib/
COLLECT_GCC_OPTIONS='-fopenmp' '-v' '-o' 'CMakeFiles/cmTC_17ee1.dir/OpenMPTryFlag.c.o' '-c' '-mtune=generic' '-march=x86-64' '-pthread'
Linking C executable cmTC_17ee1
/usr/local/bin/cmake -E cmake_link_script CMakeFiles/cmTC_17ee1.dir/link.txt --verbose=1
/usr/bin/cc  -fopenmp -v    -rdynamic CMakeFiles/cmTC_17ee1.dir/OpenMPTryFlag.c.o  -o cmTC_17ee1  -v 
Using built-in specs.
COLLECT_GCC=/usr/bin/cc
COLLECT_LTO_WRAPPER=/opt/rh/devtoolset-8/root/usr/libexec/gcc/x86_64-redhat-linux/8/lto-wrapper
Target: x86_64-redhat-linux
Configured with: ../configure --enable-bootstrap --enable-languages=c,c++,fortran,lto --prefix=/opt/rh/devtoolset-8/root/usr --mandir=/opt/rh/devtoolset-8/root/usr/share/man --infodir=/opt/rh/devtoolset-8/root/usr/share/info --with-bugurl=http://bugzilla.redhat.com/bugzilla --enable-shared --enable-threads=posix --enable-checking=release --enable-multilib --with-system-zlib --enable-__cxa_atexit --disable-libunwind-exceptions --enable-gnu-unique-object --enable-linker-build-id --with-gcc-major-version-only --with-linker-hash-style=gnu --with-default-libstdcxx-abi=gcc4-compatible --enable-plugin --enable-initfini-array --with-isl=/builddir/build/BUILD/gcc-8.3.1-20190311/obj-x86_64-redhat-linux/isl-install --disable-libmpx --enable-gnu-indirect-function --with-tune=generic --with-arch_32=x86-64 --build=x86_64-redhat-linux
Thread model: posix
gcc version 8.3.1 20190311 (Red Hat 8.3.1-3) (GCC) 
COMPILER_PATH=/opt/rh/devtoolset-8/root/usr/libexec/gcc/x86_64-redhat-linux/8/:/opt/rh/devtoolset-8/root/usr/libexec/gcc/x86_64-redhat-linux/8/:/opt/rh/devtoolset-8/root/usr/libexec/gcc/x86_64-redhat-linux/:/opt/rh/devtoolset-8/root/usr/lib/gcc/x86_64-redhat-linux/8/:/opt/rh/devtoolset-8/root/usr/lib/gcc/x86_64-redhat-linux/
LIBRARY_PATH=/opt/rh/devtoolset-8/root/usr/lib/gcc/x86_64-redhat-linux/8/:/opt/rh/devtoolset-8/root/usr/lib/gcc/x86_64-redhat-linux/8/../../../../lib64/:/lib/../lib64/:/usr/lib/../lib64/:/opt/rh/devtoolset-8/root/usr/lib/gcc/x86_64-redhat-linux/8/../../../:/lib/:/usr/lib/
Reading specs from /opt/rh/devtoolset-8/root/usr/lib/gcc/x86_64-redhat-linux/8/libgomp.spec
COLLECT_GCC_OPTIONS='-fopenmp' '-v' '-rdynamic' '-o' 'cmTC_17ee1' '-v' '-mtune=generic' '-march=x86-64' '-pthread'
 /opt/rh/devtoolset-8/root/usr/libexec/gcc/x86_64-redhat-linux/8/collect2 -plugin /opt/rh/devtoolset-8/root/usr/libexec/gcc/x86_64-redhat-linux/8/liblto_plugin.so -plugin-opt=/opt/rh/devtoolset-8/root/usr/libexec/gcc/x86_64-redhat-linux/8/lto-wrapper -plugin-opt=-fresolution=/tmp/cc2Ycifq.res -plugin-opt=-pass-through=-lgcc -plugin-opt=-pass-through=-lgcc_s -plugin-opt=-pass-through=-lpthread -plugin-opt=-pass-through=-lc -plugin-opt=-pass-through=-lgcc -plugin-opt=-pass-through=-lgcc_s --build-id --no-add-needed --eh-frame-hdr --hash-style=gnu -m elf_x86_64 -export-dynamic -dynamic-linker /lib64/ld-linux-x86-64.so.2 -o cmTC_17ee1 /lib/../lib64/crt1.o /lib/../lib64/crti.o /opt/rh/devtoolset-8/root/usr/lib/gcc/x86_64-redhat-linux/8/crtbegin.o -L/opt/rh/devtoolset-8/root/usr/lib/gcc/x86_64-redhat-linux/8 -L/opt/rh/devtoolset-8/root/usr/lib/gcc/x86_64-redhat-linux/8/../../../../lib64 -L/lib/../lib64 -L/usr/lib/../lib64 -L/opt/rh/devtoolset-8/root/usr/lib/gcc/x86_64-redhat-linux/8/../../.. CMakeFiles/cmTC_17ee1.dir/OpenMPTryFlag.c.o -lgomp -lgcc --as-needed -lgcc_s --no-as-needed -lpthread -lc -lgcc --as-needed -lgcc_s --no-as-needed /opt/rh/devtoolset-8/root/usr/lib/gcc/x86_64-redhat-linux/8/crtend.o /lib/../lib64/crtn.o
COLLECT_GCC_OPTIONS='-fopenmp' '-v' '-rdynamic' '-o' 'cmTC_17ee1' '-v' '-mtune=generic' '-march=x86-64' '-pthread'
gmake[1]: Leaving directory `/home/jmena/445s22/DualSPHysics_v5.0.4/DualSPHysics_v5.0/src/source/build/CMakeFiles/CMakeTmp'



Parsed C OpenMP implicit link information from above output:
  link line regex: [^( *|.*[/\])(ld|CMAKE_LINK_STARTFILE-NOTFOUND|([^/\]+-)?ld|collect2)[^/\]*( |$)]
  ignore line: [Change Dir: /home/jmena/445s22/DualSPHysics_v5.0.4/DualSPHysics_v5.0/src/source/build/CMakeFiles/CMakeTmp]
  ignore line: []
  ignore line: [Run Build Command(s):/usr/bin/gmake cmTC_17ee1/fast && /usr/bin/gmake -f CMakeFiles/cmTC_17ee1.dir/build.make CMakeFiles/cmTC_17ee1.dir/build]
  ignore line: [gmake[1]: Entering directory `/home/jmena/445s22/DualSPHysics_v5.0.4/DualSPHysics_v5.0/src/source/build/CMakeFiles/CMakeTmp']
  ignore line: [Building C object CMakeFiles/cmTC_17ee1.dir/OpenMPTryFlag.c.o]
  ignore line: [/usr/bin/cc   -fopenmp -v   -o CMakeFiles/cmTC_17ee1.dir/OpenMPTryFlag.c.o   -c /home/jmena/445s22/DualSPHysics_v5.0.4/DualSPHysics_v5.0/src/source/build/CMakeFiles/FindOpenMP/OpenMPTryFlag.c]
  ignore line: [Using built-in specs.]
  ignore line: [COLLECT_GCC=/usr/bin/cc]
  ignore line: [Target: x86_64-redhat-linux]
  ignore line: [Configured with: ../configure --enable-bootstrap --enable-languages=c c++ fortran lto --prefix=/opt/rh/devtoolset-8/root/usr --mandir=/opt/rh/devtoolset-8/root/usr/share/man --infodir=/opt/rh/devtoolset-8/root/usr/share/info --with-bugurl=http://bugzilla.redhat.com/bugzilla --enable-shared --enable-threads=posix --enable-checking=release --enable-multilib --with-system-zlib --enable-__cxa_atexit --disable-libunwind-exceptions --enable-gnu-unique-object --enable-linker-build-id --with-gcc-major-version-only --with-linker-hash-style=gnu --with-default-libstdcxx-abi=gcc4-compatible --enable-plugin --enable-initfini-array --with-isl=/builddir/build/BUILD/gcc-8.3.1-20190311/obj-x86_64-redhat-linux/isl-install --disable-libmpx --enable-gnu-indirect-function --with-tune=generic --with-arch_32=x86-64 --build=x86_64-redhat-linux]
  ignore line: [Thread model: posix]
  ignore line: [gcc version 8.3.1 20190311 (Red Hat 8.3.1-3) (GCC) ]
  ignore line: [COLLECT_GCC_OPTIONS='-fopenmp' '-v' '-o' 'CMakeFiles/cmTC_17ee1.dir/OpenMPTryFlag.c.o' '-c' '-mtune=generic' '-march=x86-64' '-pthread']
  ignore line: [ /opt/rh/devtoolset-8/root/usr/libexec/gcc/x86_64-redhat-linux/8/cc1 -quiet -v -D_REENTRANT /home/jmena/445s22/DualSPHysics_v5.0.4/DualSPHysics_v5.0/src/source/build/CMakeFiles/FindOpenMP/OpenMPTryFlag.c -quiet -dumpbase OpenMPTryFlag.c -mtune=generic -march=x86-64 -auxbase-strip CMakeFiles/cmTC_17ee1.dir/OpenMPTryFlag.c.o -version -fopenmp -o /tmp/cc9uesEl.s]
  ignore line: [GNU C17 (GCC) version 8.3.1 20190311 (Red Hat 8.3.1-3) (x86_64-redhat-linux)]
  ignore line: [	compiled by GNU C version 8.3.1 20190311 (Red Hat 8.3.1-3)  GMP version 6.0.0  MPFR version 3.1.1  MPC version 1.0.1  isl version isl-0.16.1-GMP]
  ignore line: []
  ignore line: [GGC heuristics: --param ggc-min-expand=100 --param ggc-min-heapsize=131072]
  ignore line: [ignoring nonexistent directory "/opt/rh/devtoolset-8/root/usr/lib/gcc/x86_64-redhat-linux/8/include-fixed"]
  ignore line: [ignoring nonexistent directory "/opt/rh/devtoolset-8/root/usr/lib/gcc/x86_64-redhat-linux/8/../../../../x86_64-redhat-linux/include"]
  ignore line: [#include "..." search starts here:]
  ignore line: [#include <...> search starts here:]
  ignore line: [ /opt/rh/devtoolset-8/root/usr/lib/gcc/x86_64-redhat-linux/8/include]
  ignore line: [ /usr/local/include]
  ignore line: [ /opt/rh/devtoolset-8/root/usr/include]
  ignore line: [ /usr/include]
  ignore line: [End of search list.]
  ignore line: [GNU C17 (GCC) version 8.3.1 20190311 (Red Hat 8.3.1-3) (x86_64-redhat-linux)]
  ignore line: [	compiled by GNU C version 8.3.1 20190311 (Red Hat 8.3.1-3)  GMP version 6.0.0  MPFR version 3.1.1  MPC version 1.0.1  isl version isl-0.16.1-GMP]
  ignore line: []
  ignore line: [GGC heuristics: --param ggc-min-expand=100 --param ggc-min-heapsize=131072]
  ignore line: [Compiler executable checksum: 44fd30fd0fdcf2e8887a67e69c89caa4]
  ignore line: [COLLECT_GCC_OPTIONS='-fopenmp' '-v' '-o' 'CMakeFiles/cmTC_17ee1.dir/OpenMPTryFlag.c.o' '-c' '-mtune=generic' '-march=x86-64' '-pthread']
  ignore line: [ /opt/rh/devtoolset-8/root/usr/libexec/gcc/x86_64-redhat-linux/8/as -v --64 -o CMakeFiles/cmTC_17ee1.dir/OpenMPTryFlag.c.o /tmp/cc9uesEl.s]
  ignore line: [GNU assembler version 2.30 (x86_64-redhat-linux) using BFD version version 2.30-55.el7.2]
  ignore line: [COMPILER_PATH=/opt/rh/devtoolset-8/root/usr/libexec/gcc/x86_64-redhat-linux/8/:/opt/rh/devtoolset-8/root/usr/libexec/gcc/x86_64-redhat-linux/8/:/opt/rh/devtoolset-8/root/usr/libexec/gcc/x86_64-redhat-linux/:/opt/rh/devtoolset-8/root/usr/lib/gcc/x86_64-redhat-linux/8/:/opt/rh/devtoolset-8/root/usr/lib/gcc/x86_64-redhat-linux/]
  ignore line: [LIBRARY_PATH=/opt/rh/devtoolset-8/root/usr/lib/gcc/x86_64-redhat-linux/8/:/opt/rh/devtoolset-8/root/usr/lib/gcc/x86_64-redhat-linux/8/../../../../lib64/:/lib/../lib64/:/usr/lib/../lib64/:/opt/rh/devtoolset-8/root/usr/lib/gcc/x86_64-redhat-linux/8/../../../:/lib/:/usr/lib/]
  ignore line: [COLLECT_GCC_OPTIONS='-fopenmp' '-v' '-o' 'CMakeFiles/cmTC_17ee1.dir/OpenMPTryFlag.c.o' '-c' '-mtune=generic' '-march=x86-64' '-pthread']
  ignore line: [Linking C executable cmTC_17ee1]
  ignore line: [/usr/local/bin/cmake -E cmake_link_script CMakeFiles/cmTC_17ee1.dir/link.txt --verbose=1]
  ignore line: [/usr/bin/cc  -fopenmp -v    -rdynamic CMakeFiles/cmTC_17ee1.dir/OpenMPTryFlag.c.o  -o cmTC_17ee1  -v ]
  ignore line: [Using built-in specs.]
  ignore line: [COLLECT_GCC=/usr/bin/cc]
  ignore line: [COLLECT_LTO_WRAPPER=/opt/rh/devtoolset-8/root/usr/libexec/gcc/x86_64-redhat-linux/8/lto-wrapper]
  ignore line: [Target: x86_64-redhat-linux]
  ignore line: [Configured with: ../configure --enable-bootstrap --enable-languages=c c++ fortran lto --prefix=/opt/rh/devtoolset-8/root/usr --mandir=/opt/rh/devtoolset-8/root/usr/share/man --infodir=/opt/rh/devtoolset-8/root/usr/share/info --with-bugurl=http://bugzilla.redhat.com/bugzilla --enable-shared --enable-threads=posix --enable-checking=release --enable-multilib --with-system-zlib --enable-__cxa_atexit --disable-libunwind-exceptions --enable-gnu-unique-object --enable-linker-build-id --with-gcc-major-version-only --with-linker-hash-style=gnu --with-default-libstdcxx-abi=gcc4-compatible --enable-plugin --enable-initfini-array --with-isl=/builddir/build/BUILD/gcc-8.3.1-20190311/obj-x86_64-redhat-linux/isl-install --disable-libmpx --enable-gnu-indirect-function --with-tune=generic --with-arch_32=x86-64 --build=x86_64-redhat-linux]
  ignore line: [Thread model: posix]
  ignore line: [gcc version 8.3.1 20190311 (Red Hat 8.3.1-3) (GCC) ]
  ignore line: [COMPILER_PATH=/opt/rh/devtoolset-8/root/usr/libexec/gcc/x86_64-redhat-linux/8/:/opt/rh/devtoolset-8/root/usr/libexec/gcc/x86_64-redhat-linux/8/:/opt/rh/devtoolset-8/root/usr/libexec/gcc/x86_64-redhat-linux/:/opt/rh/devtoolset-8/root/usr/lib/gcc/x86_64-redhat-linux/8/:/opt/rh/devtoolset-8/root/usr/lib/gcc/x86_64-redhat-linux/]
  ignore line: [LIBRARY_PATH=/opt/rh/devtoolset-8/root/usr/lib/gcc/x86_64-redhat-linux/8/:/opt/rh/devtoolset-8/root/usr/lib/gcc/x86_64-redhat-linux/8/../../../../lib64/:/lib/../lib64/:/usr/lib/../lib64/:/opt/rh/devtoolset-8/root/usr/lib/gcc/x86_64-redhat-linux/8/../../../:/lib/:/usr/lib/]
  ignore line: [Reading specs from /opt/rh/devtoolset-8/root/usr/lib/gcc/x86_64-redhat-linux/8/libgomp.spec]
  ignore line: [COLLECT_GCC_OPTIONS='-fopenmp' '-v' '-rdynamic' '-o' 'cmTC_17ee1' '-v' '-mtune=generic' '-march=x86-64' '-pthread']
  link line: [ /opt/rh/devtoolset-8/root/usr/libexec/gcc/x86_64-redhat-linux/8/collect2 -plugin /opt/rh/devtoolset-8/root/usr/libexec/gcc/x86_64-redhat-linux/8/liblto_plugin.so -plugin-opt=/opt/rh/devtoolset-8/root/usr/libexec/gcc/x86_64-redhat-linux/8/lto-wrapper -plugin-opt=-fresolution=/tmp/cc2Ycifq.res -plugin-opt=-pass-through=-lgcc -plugin-opt=-pass-through=-lgcc_s -plugin-opt=-pass-through=-lpthread -plugin-opt=-pass-through=-lc -plugin-opt=-pass-through=-lgcc -plugin-opt=-pass-through=-lgcc_s --build-id --no-add-needed --eh-frame-hdr --hash-style=gnu -m elf_x86_64 -export-dynamic -dynamic-linker /lib64/ld-linux-x86-64.so.2 -o cmTC_17ee1 /lib/../lib64/crt1.o /lib/../lib64/crti.o /opt/rh/devtoolset-8/root/usr/lib/gcc/x86_64-redhat-linux/8/crtbegin.o -L/opt/rh/devtoolset-8/root/usr/lib/gcc/x86_64-redhat-linux/8 -L/opt/rh/devtoolset-8/root/usr/lib/gcc/x86_64-redhat-linux/8/../../../../lib64 -L/lib/../lib64 -L/usr/lib/../lib64 -L/opt/rh/devtoolset-8/root/usr/lib/gcc/x86_64-redhat-linux/8/../../.. CMakeFiles/cmTC_17ee1.dir/OpenMPTryFlag.c.o -lgomp -lgcc --as-needed -lgcc_s --no-as-needed -lpthread -lc -lgcc --as-needed -lgcc_s --no-as-needed /opt/rh/devtoolset-8/root/usr/lib/gcc/x86_64-redhat-linux/8/crtend.o /lib/../lib64/crtn.o]
    arg [/opt/rh/devtoolset-8/root/usr/libexec/gcc/x86_64-redhat-linux/8/collect2] ==> ignore
    arg [-plugin] ==> ignore
    arg [/opt/rh/devtoolset-8/root/usr/libexec/gcc/x86_64-redhat-linux/8/liblto_plugin.so] ==> ignore
    arg [-plugin-opt=/opt/rh/devtoolset-8/root/usr/libexec/gcc/x86_64-redhat-linux/8/lto-wrapper] ==> ignore
    arg [-plugin-opt=-fresolution=/tmp/cc2Ycifq.res] ==> ignore
    arg [-plugin-opt=-pass-through=-lgcc] ==> ignore
    arg [-plugin-opt=-pass-through=-lgcc_s] ==> ignore
    arg [-plugin-opt=-pass-through=-lpthread] ==> ignore
    arg [-plugin-opt=-pass-through=-lc] ==> ignore
    arg [-plugin-opt=-pass-through=-lgcc] ==> ignore
    arg [-plugin-opt=-pass-through=-lgcc_s] ==> ignore
    arg [--build-id] ==> ignore
    arg [--no-add-needed] ==> ignore
    arg [--eh-frame-hdr] ==> ignore
    arg [--hash-style=gnu] ==> ignore
    arg [-m] ==> ignore
    arg [elf_x86_64] ==> ignore
    arg [-export-dynamic] ==> ignore
    arg [-dynamic-linker] ==> ignore
    arg [/lib64/ld-linux-x86-64.so.2] ==> ignore
    arg [-o] ==> ignore
    arg [cmTC_17ee1] ==> ignore
    arg [/lib/../lib64/crt1.o] ==> ignore
    arg [/lib/../lib64/crti.o] ==> ignore
    arg [/opt/rh/devtoolset-8/root/usr/lib/gcc/x86_64-redhat-linux/8/crtbegin.o] ==> ignore
    arg [-L/opt/rh/devtoolset-8/root/usr/lib/gcc/x86_64-redhat-linux/8] ==> dir [/opt/rh/devtoolset-8/root/usr/lib/gcc/x86_64-redhat-linux/8]
    arg [-L/opt/rh/devtoolset-8/root/usr/lib/gcc/x86_64-redhat-linux/8/../../../../lib64] ==> dir [/opt/rh/devtoolset-8/root/usr/lib/gcc/x86_64-redhat-linux/8/../../../../lib64]
    arg [-L/lib/../lib64] ==> dir [/lib/../lib64]
    arg [-L/usr/lib/../lib64] ==> dir [/usr/lib/../lib64]
    arg [-L/opt/rh/devtoolset-8/root/usr/lib/gcc/x86_64-redhat-linux/8/../../..] ==> dir [/opt/rh/devtoolset-8/root/usr/lib/gcc/x86_64-redhat-linux/8/../../..]
    arg [CMakeFiles/cmTC_17ee1.dir/OpenMPTryFlag.c.o] ==> ignore
    arg [-lgomp] ==> lib [gomp]
    arg [-lgcc] ==> lib [gcc]
    arg [--as-needed] ==> ignore
    arg [-lgcc_s] ==> lib [gcc_s]
    arg [--no-as-needed] ==> ignore
    arg [-lpthread] ==> lib [pthread]
    arg [-lc] ==> lib [c]
    arg [-lgcc] ==> lib [gcc]
    arg [--as-needed] ==> ignore
    arg [-lgcc_s] ==> lib [gcc_s]
    arg [--no-as-needed] ==> ignore
    arg [/opt/rh/devtoolset-8/root/usr/lib/gcc/x86_64-redhat-linux/8/crtend.o] ==> ignore
    arg [/lib/../lib64/crtn.o] ==> ignore
  collapse library dir [/opt/rh/devtoolset-8/root/usr/lib/gcc/x86_64-redhat-linux/8] ==> [/opt/rh/devtoolset-8/root/usr/lib/gcc/x86_64-redhat-linux/8]
  collapse library dir [/opt/rh/devtoolset-8/root/usr/lib/gcc/x86_64-redhat-linux/8/../../../../lib64] ==> [/opt/rh/devtoolset-8/root/usr/lib64]
  collapse library dir [/lib/../lib64] ==> [/lib64]
  collapse library dir [/usr/lib/../lib64] ==> [/usr/lib64]
  collapse library dir [/opt/rh/devtoolset-8/root/usr/lib/gcc/x86_64-redhat-linux/8/../../..] ==> [/opt/rh/devtoolset-8/root/usr/lib]
  implicit libs: [gomp;gcc;gcc_s;pthread;c;gcc;gcc_s]
  implicit dirs: [/opt/rh/devtoolset-8/root/usr/lib/gcc/x86_64-redhat-linux/8;/opt/rh/devtoolset-8/root/usr/lib64;/lib64;/usr/lib64;/opt/rh/devtoolset-8/root/usr/lib]
  implicit fwks: []


Detecting CXX OpenMP compiler ABI info compiled with the following output:
Change Dir: /home/jmena/445s22/DualSPHysics_v5.0.4/DualSPHysics_v5.0/src/source/build/CMakeFiles/CMakeTmp

Run Build Command(s):/usr/bin/gmake cmTC_6ac09/fast && /usr/bin/gmake -f CMakeFiles/cmTC_6ac09.dir/build.make CMakeFiles/cmTC_6ac09.dir/build
gmake[1]: Entering directory `/home/jmena/445s22/DualSPHysics_v5.0.4/DualSPHysics_v5.0/src/source/build/CMakeFiles/CMakeTmp'
Building CXX object CMakeFiles/cmTC_6ac09.dir/OpenMPTryFlag.cpp.o
/usr/bin/c++    -fopenmp -v   -o CMakeFiles/cmTC_6ac09.dir/OpenMPTryFlag.cpp.o -c /home/jmena/445s22/DualSPHysics_v5.0.4/DualSPHysics_v5.0/src/source/build/CMakeFiles/FindOpenMP/OpenMPTryFlag.cpp
Using built-in specs.
COLLECT_GCC=/usr/bin/c++
Target: x86_64-redhat-linux
Configured with: ../configure --prefix=/usr --mandir=/usr/share/man --infodir=/usr/share/info --with-bugurl=http://bugzilla.redhat.com/bugzilla --enable-bootstrap --enable-shared --enable-threads=posix --enable-checking=release --with-system-zlib --enable-__cxa_atexit --disable-libunwind-exceptions --enable-gnu-unique-object --enable-linker-build-id --with-linker-hash-style=gnu --enable-languages=c,c++,objc,obj-c++,java,fortran,ada,go,lto --enable-plugin --enable-initfini-array --disable-libgcj --with-isl=/builddir/build/BUILD/gcc-4.8.5-20150702/obj-x86_64-redhat-linux/isl-install --with-cloog=/builddir/build/BUILD/gcc-4.8.5-20150702/obj-x86_64-redhat-linux/cloog-install --enable-gnu-indirect-function --with-tune=generic --with-arch_32=x86-64 --build=x86_64-redhat-linux
Thread model: posix
gcc version 4.8.5 20150623 (Red Hat 4.8.5-39) (GCC) 
COLLECT_GCC_OPTIONS='-fopenmp' '-v' '-o' 'CMakeFiles/cmTC_6ac09.dir/OpenMPTryFlag.cpp.o' '-c' '-shared-libgcc' '-mtune=generic' '-march=x86-64' '-pthread'
 /usr/libexec/gcc/x86_64-redhat-linux/4.8.5/cc1plus -quiet -v -D_GNU_SOURCE -D_REENTRANT /home/jmena/445s22/DualSPHysics_v5.0.4/DualSPHysics_v5.0/src/source/build/CMakeFiles/FindOpenMP/OpenMPTryFlag.cpp -quiet -dumpbase OpenMPTryFlag.cpp -mtune=generic -march=x86-64 -auxbase-strip CMakeFiles/cmTC_6ac09.dir/OpenMPTryFlag.cpp.o -version -fopenmp -o /tmp/ccqo7Hzw.s
GNU C++ (GCC) version 4.8.5 20150623 (Red Hat 4.8.5-39) (x86_64-redhat-linux)
	compiled by GNU C version 4.8.5 20150623 (Red Hat 4.8.5-39), GMP version 6.0.0, MPFR version 3.1.1, MPC version 1.0.1
GGC heuristics: --param ggc-min-expand=100 --param ggc-min-heapsize=131072
ignoring nonexistent directory "/usr/lib/gcc/x86_64-redhat-linux/4.8.5/include-fixed"
ignoring nonexistent directory "/usr/lib/gcc/x86_64-redhat-linux/4.8.5/../../../../x86_64-redhat-linux/include"
#include "..." search starts here:
#include <...> search starts here:
 /usr/lib/gcc/x86_64-redhat-linux/4.8.5/../../../../include/c++/4.8.5
 /usr/lib/gcc/x86_64-redhat-linux/4.8.5/../../../../include/c++/4.8.5/x86_64-redhat-linux
 /usr/lib/gcc/x86_64-redhat-linux/4.8.5/../../../../include/c++/4.8.5/backward
 /usr/lib/gcc/x86_64-redhat-linux/4.8.5/include
 /usr/local/include
 /usr/include
End of search list.
GNU C++ (GCC) version 4.8.5 20150623 (Red Hat 4.8.5-39) (x86_64-redhat-linux)
	compiled by GNU C version 4.8.5 20150623 (Red Hat 4.8.5-39), GMP version 6.0.0, MPFR version 3.1.1, MPC version 1.0.1
GGC heuristics: --param ggc-min-expand=100 --param ggc-min-heapsize=131072
Compiler executable checksum: 0b3d22846f8ec00d42314b8d2d71514a
COLLECT_GCC_OPTIONS='-fopenmp' '-v' '-o' 'CMakeFiles/cmTC_6ac09.dir/OpenMPTryFlag.cpp.o' '-c' '-shared-libgcc' '-mtune=generic' '-march=x86-64' '-pthread'
 as -v --64 -o CMakeFiles/cmTC_6ac09.dir/OpenMPTryFlag.cpp.o /tmp/ccqo7Hzw.s
GNU assembler version 2.27 (x86_64-redhat-linux) using BFD version version 2.27-43.base.el7_8.1
COMPILER_PATH=/usr/libexec/gcc/x86_64-redhat-linux/4.8.5/:/usr/libexec/gcc/x86_64-redhat-linux/4.8.5/:/usr/libexec/gcc/x86_64-redhat-linux/:/usr/lib/gcc/x86_64-redhat-linux/4.8.5/:/usr/lib/gcc/x86_64-redhat-linux/
LIBRARY_PATH=/usr/lib/gcc/x86_64-redhat-linux/4.8.5/:/usr/lib/gcc/x86_64-redhat-linux/4.8.5/../../../../lib64/:/lib/../lib64/:/usr/lib/../lib64/:/usr/lib/gcc/x86_64-redhat-linux/4.8.5/../../../:/lib/:/usr/lib/
COLLECT_GCC_OPTIONS='-fopenmp' '-v' '-o' 'CMakeFiles/cmTC_6ac09.dir/OpenMPTryFlag.cpp.o' '-c' '-shared-libgcc' '-mtune=generic' '-march=x86-64' '-pthread'
Linking CXX executable cmTC_6ac09
/usr/local/bin/cmake -E cmake_link_script CMakeFiles/cmTC_6ac09.dir/link.txt --verbose=1
/usr/bin/c++   -fopenmp -v    -rdynamic CMakeFiles/cmTC_6ac09.dir/OpenMPTryFlag.cpp.o  -o cmTC_6ac09  -v 
Using built-in specs.
COLLECT_GCC=/usr/bin/c++
COLLECT_LTO_WRAPPER=/usr/libexec/gcc/x86_64-redhat-linux/4.8.5/lto-wrapper
Target: x86_64-redhat-linux
Configured with: ../configure --prefix=/usr --mandir=/usr/share/man --infodir=/usr/share/info --with-bugurl=http://bugzilla.redhat.com/bugzilla --enable-bootstrap --enable-shared --enable-threads=posix --enable-checking=release --with-system-zlib --enable-__cxa_atexit --disable-libunwind-exceptions --enable-gnu-unique-object --enable-linker-build-id --with-linker-hash-style=gnu --enable-languages=c,c++,objc,obj-c++,java,fortran,ada,go,lto --enable-plugin --enable-initfini-array --disable-libgcj --with-isl=/builddir/build/BUILD/gcc-4.8.5-20150702/obj-x86_64-redhat-linux/isl-install --with-cloog=/builddir/build/BUILD/gcc-4.8.5-20150702/obj-x86_64-redhat-linux/cloog-install --enable-gnu-indirect-function --with-tune=generic --with-arch_32=x86-64 --build=x86_64-redhat-linux
Thread model: posix
gcc version 4.8.5 20150623 (Red Hat 4.8.5-39) (GCC) 
COMPILER_PATH=/usr/libexec/gcc/x86_64-redhat-linux/4.8.5/:/usr/libexec/gcc/x86_64-redhat-linux/4.8.5/:/usr/libexec/gcc/x86_64-redhat-linux/:/usr/lib/gcc/x86_64-redhat-linux/4.8.5/:/usr/lib/gcc/x86_64-redhat-linux/
LIBRARY_PATH=/usr/lib/gcc/x86_64-redhat-linux/4.8.5/:/usr/lib/gcc/x86_64-redhat-linux/4.8.5/../../../../lib64/:/lib/../lib64/:/usr/lib/../lib64/:/usr/lib/gcc/x86_64-redhat-linux/4.8.5/../../../:/lib/:/usr/lib/
Reading specs from /usr/lib/gcc/x86_64-redhat-linux/4.8.5/libgomp.spec
COLLECT_GCC_OPTIONS='-fopenmp' '-v' '-rdynamic' '-o' 'cmTC_6ac09' '-v' '-shared-libgcc' '-mtune=generic' '-march=x86-64' '-pthread'
 /usr/libexec/gcc/x86_64-redhat-linux/4.8.5/collect2 --build-id --no-add-needed --eh-frame-hdr --hash-style=gnu -m elf_x86_64 -export-dynamic -dynamic-linker /lib64/ld-linux-x86-64.so.2 -o cmTC_6ac09 /usr/lib/gcc/x86_64-redhat-linux/4.8.5/../../../../lib64/crt1.o /usr/lib/gcc/x86_64-redhat-linux/4.8.5/../../../../lib64/crti.o /usr/lib/gcc/x86_64-redhat-linux/4.8.5/crtbegin.o -L/usr/lib/gcc/x86_64-redhat-linux/4.8.5 -L/usr/lib/gcc/x86_64-redhat-linux/4.8.5/../../../../lib64 -L/lib/../lib64 -L/usr/lib/../lib64 -L/usr/lib/gcc/x86_64-redhat-linux/4.8.5/../../.. CMakeFiles/cmTC_6ac09.dir/OpenMPTryFlag.cpp.o -lstdc++ -lm -lgomp -lgcc_s -lgcc -lpthread -lc -lgcc_s -lgcc /usr/lib/gcc/x86_64-redhat-linux/4.8.5/crtend.o /usr/lib/gcc/x86_64-redhat-linux/4.8.5/../../../../lib64/crtn.o
gmake[1]: Leaving directory `/home/jmena/445s22/DualSPHysics_v5.0.4/DualSPHysics_v5.0/src/source/build/CMakeFiles/CMakeTmp'



Parsed CXX OpenMP implicit link information from above output:
  link line regex: [^( *|.*[/\])(ld|CMAKE_LINK_STARTFILE-NOTFOUND|([^/\]+-)?ld|collect2)[^/\]*( |$)]
  ignore line: [Change Dir: /home/jmena/445s22/DualSPHysics_v5.0.4/DualSPHysics_v5.0/src/source/build/CMakeFiles/CMakeTmp]
  ignore line: []
  ignore line: [Run Build Command(s):/usr/bin/gmake cmTC_6ac09/fast && /usr/bin/gmake -f CMakeFiles/cmTC_6ac09.dir/build.make CMakeFiles/cmTC_6ac09.dir/build]
  ignore line: [gmake[1]: Entering directory `/home/jmena/445s22/DualSPHysics_v5.0.4/DualSPHysics_v5.0/src/source/build/CMakeFiles/CMakeTmp']
  ignore line: [Building CXX object CMakeFiles/cmTC_6ac09.dir/OpenMPTryFlag.cpp.o]
  ignore line: [/usr/bin/c++    -fopenmp -v   -o CMakeFiles/cmTC_6ac09.dir/OpenMPTryFlag.cpp.o -c /home/jmena/445s22/DualSPHysics_v5.0.4/DualSPHysics_v5.0/src/source/build/CMakeFiles/FindOpenMP/OpenMPTryFlag.cpp]
  ignore line: [Using built-in specs.]
  ignore line: [COLLECT_GCC=/usr/bin/c++]
  ignore line: [Target: x86_64-redhat-linux]
  ignore line: [Configured with: ../configure --prefix=/usr --mandir=/usr/share/man --infodir=/usr/share/info --with-bugurl=http://bugzilla.redhat.com/bugzilla --enable-bootstrap --enable-shared --enable-threads=posix --enable-checking=release --with-system-zlib --enable-__cxa_atexit --disable-libunwind-exceptions --enable-gnu-unique-object --enable-linker-build-id --with-linker-hash-style=gnu --enable-languages=c c++ objc obj-c++ java fortran ada go lto --enable-plugin --enable-initfini-array --disable-libgcj --with-isl=/builddir/build/BUILD/gcc-4.8.5-20150702/obj-x86_64-redhat-linux/isl-install --with-cloog=/builddir/build/BUILD/gcc-4.8.5-20150702/obj-x86_64-redhat-linux/cloog-install --enable-gnu-indirect-function --with-tune=generic --with-arch_32=x86-64 --build=x86_64-redhat-linux]
  ignore line: [Thread model: posix]
  ignore line: [gcc version 4.8.5 20150623 (Red Hat 4.8.5-39) (GCC) ]
  ignore line: [COLLECT_GCC_OPTIONS='-fopenmp' '-v' '-o' 'CMakeFiles/cmTC_6ac09.dir/OpenMPTryFlag.cpp.o' '-c' '-shared-libgcc' '-mtune=generic' '-march=x86-64' '-pthread']
  ignore line: [ /usr/libexec/gcc/x86_64-redhat-linux/4.8.5/cc1plus -quiet -v -D_GNU_SOURCE -D_REENTRANT /home/jmena/445s22/DualSPHysics_v5.0.4/DualSPHysics_v5.0/src/source/build/CMakeFiles/FindOpenMP/OpenMPTryFlag.cpp -quiet -dumpbase OpenMPTryFlag.cpp -mtune=generic -march=x86-64 -auxbase-strip CMakeFiles/cmTC_6ac09.dir/OpenMPTryFlag.cpp.o -version -fopenmp -o /tmp/ccqo7Hzw.s]
  ignore line: [GNU C++ (GCC) version 4.8.5 20150623 (Red Hat 4.8.5-39) (x86_64-redhat-linux)]
  ignore line: [	compiled by GNU C version 4.8.5 20150623 (Red Hat 4.8.5-39)  GMP version 6.0.0  MPFR version 3.1.1  MPC version 1.0.1]
  ignore line: [GGC heuristics: --param ggc-min-expand=100 --param ggc-min-heapsize=131072]
  ignore line: [ignoring nonexistent directory "/usr/lib/gcc/x86_64-redhat-linux/4.8.5/include-fixed"]
  ignore line: [ignoring nonexistent directory "/usr/lib/gcc/x86_64-redhat-linux/4.8.5/../../../../x86_64-redhat-linux/include"]
  ignore line: [#include "..." search starts here:]
  ignore line: [#include <...> search starts here:]
  ignore line: [ /usr/lib/gcc/x86_64-redhat-linux/4.8.5/../../../../include/c++/4.8.5]
  ignore line: [ /usr/lib/gcc/x86_64-redhat-linux/4.8.5/../../../../include/c++/4.8.5/x86_64-redhat-linux]
  ignore line: [ /usr/lib/gcc/x86_64-redhat-linux/4.8.5/../../../../include/c++/4.8.5/backward]
  ignore line: [ /usr/lib/gcc/x86_64-redhat-linux/4.8.5/include]
  ignore line: [ /usr/local/include]
  ignore line: [ /usr/include]
  ignore line: [End of search list.]
  ignore line: [GNU C++ (GCC) version 4.8.5 20150623 (Red Hat 4.8.5-39) (x86_64-redhat-linux)]
  ignore line: [	compiled by GNU C version 4.8.5 20150623 (Red Hat 4.8.5-39)  GMP version 6.0.0  MPFR version 3.1.1  MPC version 1.0.1]
  ignore line: [GGC heuristics: --param ggc-min-expand=100 --param ggc-min-heapsize=131072]
  ignore line: [Compiler executable checksum: 0b3d22846f8ec00d42314b8d2d71514a]
  ignore line: [COLLECT_GCC_OPTIONS='-fopenmp' '-v' '-o' 'CMakeFiles/cmTC_6ac09.dir/OpenMPTryFlag.cpp.o' '-c' '-shared-libgcc' '-mtune=generic' '-march=x86-64' '-pthread']
  ignore line: [ as -v --64 -o CMakeFiles/cmTC_6ac09.dir/OpenMPTryFlag.cpp.o /tmp/ccqo7Hzw.s]
  ignore line: [GNU assembler version 2.27 (x86_64-redhat-linux) using BFD version version 2.27-43.base.el7_8.1]
  ignore line: [COMPILER_PATH=/usr/libexec/gcc/x86_64-redhat-linux/4.8.5/:/usr/libexec/gcc/x86_64-redhat-linux/4.8.5/:/usr/libexec/gcc/x86_64-redhat-linux/:/usr/lib/gcc/x86_64-redhat-linux/4.8.5/:/usr/lib/gcc/x86_64-redhat-linux/]
  ignore line: [LIBRARY_PATH=/usr/lib/gcc/x86_64-redhat-linux/4.8.5/:/usr/lib/gcc/x86_64-redhat-linux/4.8.5/../../../../lib64/:/lib/../lib64/:/usr/lib/../lib64/:/usr/lib/gcc/x86_64-redhat-linux/4.8.5/../../../:/lib/:/usr/lib/]
  ignore line: [COLLECT_GCC_OPTIONS='-fopenmp' '-v' '-o' 'CMakeFiles/cmTC_6ac09.dir/OpenMPTryFlag.cpp.o' '-c' '-shared-libgcc' '-mtune=generic' '-march=x86-64' '-pthread']
  ignore line: [Linking CXX executable cmTC_6ac09]
  ignore line: [/usr/local/bin/cmake -E cmake_link_script CMakeFiles/cmTC_6ac09.dir/link.txt --verbose=1]
  ignore line: [/usr/bin/c++   -fopenmp -v    -rdynamic CMakeFiles/cmTC_6ac09.dir/OpenMPTryFlag.cpp.o  -o cmTC_6ac09  -v ]
  ignore line: [Using built-in specs.]
  ignore line: [COLLECT_GCC=/usr/bin/c++]
  ignore line: [COLLECT_LTO_WRAPPER=/usr/libexec/gcc/x86_64-redhat-linux/4.8.5/lto-wrapper]
  ignore line: [Target: x86_64-redhat-linux]
  ignore line: [Configured with: ../configure --prefix=/usr --mandir=/usr/share/man --infodir=/usr/share/info --with-bugurl=http://bugzilla.redhat.com/bugzilla --enable-bootstrap --enable-shared --enable-threads=posix --enable-checking=release --with-system-zlib --enable-__cxa_atexit --disable-libunwind-exceptions --enable-gnu-unique-object --enable-linker-build-id --with-linker-hash-style=gnu --enable-languages=c c++ objc obj-c++ java fortran ada go lto --enable-plugin --enable-initfini-array --disable-libgcj --with-isl=/builddir/build/BUILD/gcc-4.8.5-20150702/obj-x86_64-redhat-linux/isl-install --with-cloog=/builddir/build/BUILD/gcc-4.8.5-20150702/obj-x86_64-redhat-linux/cloog-install --enable-gnu-indirect-function --with-tune=generic --with-arch_32=x86-64 --build=x86_64-redhat-linux]
  ignore line: [Thread model: posix]
  ignore line: [gcc version 4.8.5 20150623 (Red Hat 4.8.5-39) (GCC) ]
  ignore line: [COMPILER_PATH=/usr/libexec/gcc/x86_64-redhat-linux/4.8.5/:/usr/libexec/gcc/x86_64-redhat-linux/4.8.5/:/usr/libexec/gcc/x86_64-redhat-linux/:/usr/lib/gcc/x86_64-redhat-linux/4.8.5/:/usr/lib/gcc/x86_64-redhat-linux/]
  ignore line: [LIBRARY_PATH=/usr/lib/gcc/x86_64-redhat-linux/4.8.5/:/usr/lib/gcc/x86_64-redhat-linux/4.8.5/../../../../lib64/:/lib/../lib64/:/usr/lib/../lib64/:/usr/lib/gcc/x86_64-redhat-linux/4.8.5/../../../:/lib/:/usr/lib/]
  ignore line: [Reading specs from /usr/lib/gcc/x86_64-redhat-linux/4.8.5/libgomp.spec]
  ignore line: [COLLECT_GCC_OPTIONS='-fopenmp' '-v' '-rdynamic' '-o' 'cmTC_6ac09' '-v' '-shared-libgcc' '-mtune=generic' '-march=x86-64' '-pthread']
  link line: [ /usr/libexec/gcc/x86_64-redhat-linux/4.8.5/collect2 --build-id --no-add-needed --eh-frame-hdr --hash-style=gnu -m elf_x86_64 -export-dynamic -dynamic-linker /lib64/ld-linux-x86-64.so.2 -o cmTC_6ac09 /usr/lib/gcc/x86_64-redhat-linux/4.8.5/../../../../lib64/crt1.o /usr/lib/gcc/x86_64-redhat-linux/4.8.5/../../../../lib64/crti.o /usr/lib/gcc/x86_64-redhat-linux/4.8.5/crtbegin.o -L/usr/lib/gcc/x86_64-redhat-linux/4.8.5 -L/usr/lib/gcc/x86_64-redhat-linux/4.8.5/../../../../lib64 -L/lib/../lib64 -L/usr/lib/../lib64 -L/usr/lib/gcc/x86_64-redhat-linux/4.8.5/../../.. CMakeFiles/cmTC_6ac09.dir/OpenMPTryFlag.cpp.o -lstdc++ -lm -lgomp -lgcc_s -lgcc -lpthread -lc -lgcc_s -lgcc /usr/lib/gcc/x86_64-redhat-linux/4.8.5/crtend.o /usr/lib/gcc/x86_64-redhat-linux/4.8.5/../../../../lib64/crtn.o]
    arg [/usr/libexec/gcc/x86_64-redhat-linux/4.8.5/collect2] ==> ignore
    arg [--build-id] ==> ignore
    arg [--no-add-needed] ==> ignore
    arg [--eh-frame-hdr] ==> ignore
    arg [--hash-style=gnu] ==> ignore
    arg [-m] ==> ignore
    arg [elf_x86_64] ==> ignore
    arg [-export-dynamic] ==> ignore
    arg [-dynamic-linker] ==> ignore
    arg [/lib64/ld-linux-x86-64.so.2] ==> ignore
    arg [-o] ==> ignore
    arg [cmTC_6ac09] ==> ignore
    arg [/usr/lib/gcc/x86_64-redhat-linux/4.8.5/../../../../lib64/crt1.o] ==> ignore
    arg [/usr/lib/gcc/x86_64-redhat-linux/4.8.5/../../../../lib64/crti.o] ==> ignore
    arg [/usr/lib/gcc/x86_64-redhat-linux/4.8.5/crtbegin.o] ==> ignore
    arg [-L/usr/lib/gcc/x86_64-redhat-linux/4.8.5] ==> dir [/usr/lib/gcc/x86_64-redhat-linux/4.8.5]
    arg [-L/usr/lib/gcc/x86_64-redhat-linux/4.8.5/../../../../lib64] ==> dir [/usr/lib/gcc/x86_64-redhat-linux/4.8.5/../../../../lib64]
    arg [-L/lib/../lib64] ==> dir [/lib/../lib64]
    arg [-L/usr/lib/../lib64] ==> dir [/usr/lib/../lib64]
    arg [-L/usr/lib/gcc/x86_64-redhat-linux/4.8.5/../../..] ==> dir [/usr/lib/gcc/x86_64-redhat-linux/4.8.5/../../..]
    arg [CMakeFiles/cmTC_6ac09.dir/OpenMPTryFlag.cpp.o] ==> ignore
    arg [-lstdc++] ==> lib [stdc++]
    arg [-lm] ==> lib [m]
    arg [-lgomp] ==> lib [gomp]
    arg [-lgcc_s] ==> lib [gcc_s]
    arg [-lgcc] ==> lib [gcc]
    arg [-lpthread] ==> lib [pthread]
    arg [-lc] ==> lib [c]
    arg [-lgcc_s] ==> lib [gcc_s]
    arg [-lgcc] ==> lib [gcc]
    arg [/usr/lib/gcc/x86_64-redhat-linux/4.8.5/crtend.o] ==> ignore
    arg [/usr/lib/gcc/x86_64-redhat-linux/4.8.5/../../../../lib64/crtn.o] ==> ignore
  collapse library dir [/usr/lib/gcc/x86_64-redhat-linux/4.8.5] ==> [/usr/lib/gcc/x86_64-redhat-linux/4.8.5]
  collapse library dir [/usr/lib/gcc/x86_64-redhat-linux/4.8.5/../../../../lib64] ==> [/usr/lib64]
  collapse library dir [/lib/../lib64] ==> [/lib64]
  collapse library dir [/usr/lib/../lib64] ==> [/usr/lib64]
  collapse library dir [/usr/lib/gcc/x86_64-redhat-linux/4.8.5/../../..] ==> [/usr/lib]
  implicit libs: [stdc++;m;gomp;gcc_s;gcc;pthread;c;gcc_s;gcc]
  implicit dirs: [/usr/lib/gcc/x86_64-redhat-linux/4.8.5;/usr/lib64;/lib64;/usr/lib]
  implicit fwks: []


