Performing C SOURCE FILE Test CMAKE_HAVE_LIBC_PTHREAD failed with the following output:
Change Dir: /home/jmena/445s22/DualSPHysics_v5.0.4/DualSPHysics_v5.0/src/source/build/CMakeFiles/CMakeTmp

Run Build Command(s):/usr/bin/gmake cmTC_1ae65/fast && /usr/bin/gmake -f CMakeFiles/cmTC_1ae65.dir/build.make CMakeFiles/cmTC_1ae65.dir/build
gmake[1]: Entering directory `/home/jmena/445s22/DualSPHysics_v5.0.4/DualSPHysics_v5.0/src/source/build/CMakeFiles/CMakeTmp'
Building C object CMakeFiles/cmTC_1ae65.dir/src.c.o
/usr/bin/cc   -fPIC -DCMAKE_HAVE_LIBC_PTHREAD   -o CMakeFiles/cmTC_1ae65.dir/src.c.o   -c /home/jmena/445s22/DualSPHysics_v5.0.4/DualSPHysics_v5.0/src/source/build/CMakeFiles/CMakeTmp/src.c
Linking C executable cmTC_1ae65
/usr/local/bin/cmake -E cmake_link_script CMakeFiles/cmTC_1ae65.dir/link.txt --verbose=1
/usr/bin/cc -fPIC -DCMAKE_HAVE_LIBC_PTHREAD    -rdynamic CMakeFiles/cmTC_1ae65.dir/src.c.o  -o cmTC_1ae65 
CMakeFiles/cmTC_1ae65.dir/src.c.o: In function `main':
src.c:(.text+0x2f): undefined reference to `pthread_create'
src.c:(.text+0x3b): undefined reference to `pthread_detach'
src.c:(.text+0x47): undefined reference to `pthread_cancel'
src.c:(.text+0x58): undefined reference to `pthread_join'
src.c:(.text+0x6c): undefined reference to `pthread_atfork'
collect2: error: ld returned 1 exit status
gmake[1]: *** [cmTC_1ae65] Error 1
gmake[1]: Leaving directory `/home/jmena/445s22/DualSPHysics_v5.0.4/DualSPHysics_v5.0/src/source/build/CMakeFiles/CMakeTmp'
gmake: *** [cmTC_1ae65/fast] Error 2


Source file was:
#include <pthread.h>

void* test_func(void* data)
{
  return data;
}

int main(void)
{
  pthread_t thread;
  pthread_create(&thread, NULL, test_func, NULL);
  pthread_detach(thread);
  pthread_cancel(thread);
  pthread_join(thread, NULL);
  pthread_atfork(NULL, NULL, NULL);
  pthread_exit(NULL);

  return 0;
}

Determining if the function pthread_create exists in the pthreads failed with the following output:
Change Dir: /home/jmena/445s22/DualSPHysics_v5.0.4/DualSPHysics_v5.0/src/source/build/CMakeFiles/CMakeTmp

Run Build Command(s):/usr/bin/gmake cmTC_31731/fast && /usr/bin/gmake -f CMakeFiles/cmTC_31731.dir/build.make CMakeFiles/cmTC_31731.dir/build
gmake[1]: Entering directory `/home/jmena/445s22/DualSPHysics_v5.0.4/DualSPHysics_v5.0/src/source/build/CMakeFiles/CMakeTmp'
Building C object CMakeFiles/cmTC_31731.dir/CheckFunctionExists.c.o
/usr/bin/cc   -fPIC -DCHECK_FUNCTION_EXISTS=pthread_create   -o CMakeFiles/cmTC_31731.dir/CheckFunctionExists.c.o   -c /usr/local/share/cmake-3.17/Modules/CheckFunctionExists.c
Linking C executable cmTC_31731
/usr/local/bin/cmake -E cmake_link_script CMakeFiles/cmTC_31731.dir/link.txt --verbose=1
/usr/bin/cc -fPIC -DCHECK_FUNCTION_EXISTS=pthread_create    -rdynamic CMakeFiles/cmTC_31731.dir/CheckFunctionExists.c.o  -o cmTC_31731  -lpthreads 
/opt/rh/devtoolset-8/root/usr/libexec/gcc/x86_64-redhat-linux/8/ld: cannot find -lpthreads
collect2: error: ld returned 1 exit status
gmake[1]: *** [cmTC_31731] Error 1
gmake[1]: Leaving directory `/home/jmena/445s22/DualSPHysics_v5.0.4/DualSPHysics_v5.0/src/source/build/CMakeFiles/CMakeTmp'
gmake: *** [cmTC_31731/fast] Error 2



